2020-04-17 09:31:29 上午 [Thread: main][ Class:com.nantian.generator.impl.MybatisGenerator >> Method: com.nantian.generator.impl.MybatisGenerator.create(MybatisGenerator.java:246) ]
INFO:开始检查配置数据...
2020-04-17 09:31:29 上午 [Thread: main][ Class:com.nantian.generator.impl.MybatisGenerator >> Method: com.nantian.generator.impl.MybatisGenerator.create(MybatisGenerator.java:248) ]
INFO:开始组装数据...
2020-04-17 09:31:29 上午 [Thread: main][ Class:com.nantian.generator.impl.MybatisGenerator >> Method: com.nantian.generator.impl.MybatisGenerator.create(MybatisGenerator.java:251) ]
INFO:开始生成配置信息
2020-04-17 09:31:29 上午 [Thread: main][ Class:com.nantian.generator.impl.MybatisGenerator >> Method: com.nantian.generator.impl.MybatisGenerator.create(MybatisGenerator.java:254) ]
DEBUG:生成的配置信息：
<?xml version="1.0" encoding="UTF-8"?>
<!DOCTYPE generatorConfiguration PUBLIC "-//mybatis.org//DTD MyBatis Generator Configuration 1.0//EN" "http://mybatis.org/dtd/mybatis-generator-config_1_0.dtd">

<generatorConfiguration>
  <context id="MysqlContext" targetRuntime="MyBatis3">
    <plugin type="org.mybatis.generator.plugins.SerializablePlugin"/>
    <plugin type="org.mybatis.generator.plugins.ToStringPlugin"/>
    <commentGenerator type="com.nantian.generator.ChineseCommentGenerator">
      <property name="suppressAllComments" value="false"/>
      <property name="suppressDate" value="false"/>
    </commentGenerator>
    <jdbcConnection driverClass="oracle.jdbc.driver.OracleDriver" connectionURL="jdbc:oracle:thin:@127.0.0.1:1521:ORCL" userId="gpp" password="gpp">
      <property name="nullCatalogMeansCurrent" value="true"/>
      <property name="remarksReporting" value="true"/>
    </jdbcConnection>
    <javaTypeResolver>
      <property name="forceBigDecimals" value="false"/>
    </javaTypeResolver>
    <javaModelGenerator targetPackage="com.nantian.entity.sys" targetProject="./src/main/java">
      <property name="enableSubPackages" value="false"/>
      <property name="trimStrings" value="false"/>
    </javaModelGenerator>
    <sqlMapGenerator targetPackage="com.nantian.mapper.sys" targetProject="./src/main/java">
      <property name="enableSubPackages" value="false"/>
    </sqlMapGenerator>
    <javaClientGenerator type="XMLMAPPER" targetPackage="com.nantian.mapper.sys" targetProject="./src/main/java">
      <property name="enableSubPackages" value="false"/>
    </javaClientGenerator>
    <table schema="gpp" tableName="SYS_CANDIDATE_INFO" enableCountByExample="true" enableDeleteByExample="true" enableUpdateByExample="true" enableSelectByExample="true" selectByExampleQueryId="true">
      <columnOverride column="CREATION_TIME" jdbcType="TIMESTAMP"/>
      <columnOverride column="BIRTHDAY" jdbcType="TIMESTAMP"/>
      <columnOverride column="MEETING_DATE" jdbcType="TIMESTAMP"/>
      <columnOverride column="REPLY_DATE" jdbcType="TIMESTAMP"/>
      <columnOverride column="WRITTEN_DATE" jdbcType="TIMESTAMP"/>
      <columnOverride column="INTERVIEW_DATE" jdbcType="TIMESTAMP"/>
      <columnOverride column="THESIS_DATE" jdbcType="TIMESTAMP"/>
    </table>
  </context>
</generatorConfiguration>

2020-04-17 09:31:29 上午 [Thread: main][ Class:com.nantian.generator.impl.MybatisGenerator >> Method: com.nantian.generator.impl.MybatisGenerator.create(MybatisGenerator.java:255) ]
INFO:开始生成代码...
2020-04-17 09:31:29 上午 [Thread: main][ Class:org.mybatis.generator.internal.db.DatabaseIntrospector >> Method: org.mybatis.generator.logging.Log4jImpl.debug(Log4jImpl.java:46) ]
DEBUG:Retrieving column information for table "GPP.SYS_CANDIDATE_INFO"
2020-04-17 09:31:30 上午 [Thread: main][ Class:org.mybatis.generator.internal.db.DatabaseIntrospector >> Method: org.mybatis.generator.logging.Log4jImpl.debug(Log4jImpl.java:46) ]
DEBUG:Found column "ID", data type 3, in table "GPP.SYS_CANDIDATE_INFO"
2020-04-17 09:31:30 上午 [Thread: main][ Class:org.mybatis.generator.internal.db.DatabaseIntrospector >> Method: org.mybatis.generator.logging.Log4jImpl.debug(Log4jImpl.java:46) ]
DEBUG:Found column "CANDIDATE_NAME", data type 12, in table "GPP.SYS_CANDIDATE_INFO"
2020-04-17 09:31:30 上午 [Thread: main][ Class:org.mybatis.generator.internal.db.DatabaseIntrospector >> Method: org.mybatis.generator.logging.Log4jImpl.debug(Log4jImpl.java:46) ]
DEBUG:Found column "UNIT", data type 12, in table "GPP.SYS_CANDIDATE_INFO"
2020-04-17 09:31:30 上午 [Thread: main][ Class:org.mybatis.generator.internal.db.DatabaseIntrospector >> Method: org.mybatis.generator.logging.Log4jImpl.debug(Log4jImpl.java:46) ]
DEBUG:Found column "POSITION", data type 12, in table "GPP.SYS_CANDIDATE_INFO"
2020-04-17 09:31:30 上午 [Thread: main][ Class:org.mybatis.generator.internal.db.DatabaseIntrospector >> Method: org.mybatis.generator.logging.Log4jImpl.debug(Log4jImpl.java:46) ]
DEBUG:Found column "POSITION_LEVEL", data type 12, in table "GPP.SYS_CANDIDATE_INFO"
2020-04-17 09:31:30 上午 [Thread: main][ Class:org.mybatis.generator.internal.db.DatabaseIntrospector >> Method: org.mybatis.generator.logging.Log4jImpl.debug(Log4jImpl.java:46) ]
DEBUG:Found column "CANDIDATE_TYPE", data type 12, in table "GPP.SYS_CANDIDATE_INFO"
2020-04-17 09:31:30 上午 [Thread: main][ Class:org.mybatis.generator.internal.db.DatabaseIntrospector >> Method: org.mybatis.generator.logging.Log4jImpl.debug(Log4jImpl.java:46) ]
DEBUG:Found column "ADJUST_TYPE", data type 12, in table "GPP.SYS_CANDIDATE_INFO"
2020-04-17 09:31:30 上午 [Thread: main][ Class:org.mybatis.generator.internal.db.DatabaseIntrospector >> Method: org.mybatis.generator.logging.Log4jImpl.debug(Log4jImpl.java:46) ]
DEBUG:Found column "ASPIRING_UNIT", data type 12, in table "GPP.SYS_CANDIDATE_INFO"
2020-04-17 09:31:30 上午 [Thread: main][ Class:org.mybatis.generator.internal.db.DatabaseIntrospector >> Method: org.mybatis.generator.logging.Log4jImpl.debug(Log4jImpl.java:46) ]
DEBUG:Found column "ASPIRING_POSITION", data type 12, in table "GPP.SYS_CANDIDATE_INFO"
2020-04-17 09:31:30 上午 [Thread: main][ Class:org.mybatis.generator.internal.db.DatabaseIntrospector >> Method: org.mybatis.generator.logging.Log4jImpl.debug(Log4jImpl.java:46) ]
DEBUG:Found column "ASPIRING_POSITION_LEVEL", data type 12, in table "GPP.SYS_CANDIDATE_INFO"
2020-04-17 09:31:30 上午 [Thread: main][ Class:org.mybatis.generator.internal.db.DatabaseIntrospector >> Method: org.mybatis.generator.logging.Log4jImpl.debug(Log4jImpl.java:46) ]
DEBUG:Found column "SEX", data type 12, in table "GPP.SYS_CANDIDATE_INFO"
2020-04-17 09:31:30 上午 [Thread: main][ Class:org.mybatis.generator.internal.db.DatabaseIntrospector >> Method: org.mybatis.generator.logging.Log4jImpl.debug(Log4jImpl.java:46) ]
DEBUG:Found column "BIRTHDAY", data type 91, in table "GPP.SYS_CANDIDATE_INFO"
2020-04-17 09:31:30 上午 [Thread: main][ Class:org.mybatis.generator.internal.db.DatabaseIntrospector >> Method: org.mybatis.generator.logging.Log4jImpl.debug(Log4jImpl.java:46) ]
DEBUG:Found column "DEPARTMENT", data type 12, in table "GPP.SYS_CANDIDATE_INFO"
2020-04-17 09:31:30 上午 [Thread: main][ Class:org.mybatis.generator.internal.db.DatabaseIntrospector >> Method: org.mybatis.generator.logging.Log4jImpl.debug(Log4jImpl.java:46) ]
DEBUG:Found column "ORGANIZATION", data type 12, in table "GPP.SYS_CANDIDATE_INFO"
2020-04-17 09:31:30 上午 [Thread: main][ Class:org.mybatis.generator.internal.db.DatabaseIntrospector >> Method: org.mybatis.generator.logging.Log4jImpl.debug(Log4jImpl.java:46) ]
DEBUG:Found column "NOTE", data type 12, in table "GPP.SYS_CANDIDATE_INFO"
2020-04-17 09:31:30 上午 [Thread: main][ Class:org.mybatis.generator.internal.db.DatabaseIntrospector >> Method: org.mybatis.generator.logging.Log4jImpl.debug(Log4jImpl.java:46) ]
DEBUG:Found column "MEETING_DATE", data type 91, in table "GPP.SYS_CANDIDATE_INFO"
2020-04-17 09:31:30 上午 [Thread: main][ Class:org.mybatis.generator.internal.db.DatabaseIntrospector >> Method: org.mybatis.generator.logging.Log4jImpl.debug(Log4jImpl.java:46) ]
DEBUG:Found column "HOST", data type 12, in table "GPP.SYS_CANDIDATE_INFO"
2020-04-17 09:31:30 上午 [Thread: main][ Class:org.mybatis.generator.internal.db.DatabaseIntrospector >> Method: org.mybatis.generator.logging.Log4jImpl.debug(Log4jImpl.java:46) ]
DEBUG:Found column "DUE_NUMBER", data type 12, in table "GPP.SYS_CANDIDATE_INFO"
2020-04-17 09:31:30 上午 [Thread: main][ Class:org.mybatis.generator.internal.db.DatabaseIntrospector >> Method: org.mybatis.generator.logging.Log4jImpl.debug(Log4jImpl.java:46) ]
DEBUG:Found column "ACTUAL_NUMBER", data type 12, in table "GPP.SYS_CANDIDATE_INFO"
2020-04-17 09:31:30 上午 [Thread: main][ Class:org.mybatis.generator.internal.db.DatabaseIntrospector >> Method: org.mybatis.generator.logging.Log4jImpl.debug(Log4jImpl.java:46) ]
DEBUG:Found column "SUMMARY_NUMBER", data type 12, in table "GPP.SYS_CANDIDATE_INFO"
2020-04-17 09:31:30 上午 [Thread: main][ Class:org.mybatis.generator.internal.db.DatabaseIntrospector >> Method: org.mybatis.generator.logging.Log4jImpl.debug(Log4jImpl.java:46) ]
DEBUG:Found column "APPROVAL_TYPE", data type 12, in table "GPP.SYS_CANDIDATE_INFO"
2020-04-17 09:31:30 上午 [Thread: main][ Class:org.mybatis.generator.internal.db.DatabaseIntrospector >> Method: org.mybatis.generator.logging.Log4jImpl.debug(Log4jImpl.java:46) ]
DEBUG:Found column "REPLY_DATE", data type 91, in table "GPP.SYS_CANDIDATE_INFO"
2020-04-17 09:31:30 上午 [Thread: main][ Class:org.mybatis.generator.internal.db.DatabaseIntrospector >> Method: org.mybatis.generator.logging.Log4jImpl.debug(Log4jImpl.java:46) ]
DEBUG:Found column "CANDIDATE_NUMBER", data type 12, in table "GPP.SYS_CANDIDATE_INFO"
2020-04-17 09:31:30 上午 [Thread: main][ Class:org.mybatis.generator.internal.db.DatabaseIntrospector >> Method: org.mybatis.generator.logging.Log4jImpl.debug(Log4jImpl.java:46) ]
DEBUG:Found column "WRITTEN_DATE", data type 91, in table "GPP.SYS_CANDIDATE_INFO"
2020-04-17 09:31:30 上午 [Thread: main][ Class:org.mybatis.generator.internal.db.DatabaseIntrospector >> Method: org.mybatis.generator.logging.Log4jImpl.debug(Log4jImpl.java:46) ]
DEBUG:Found column "WRITTEN_RESULT", data type 12, in table "GPP.SYS_CANDIDATE_INFO"
2020-04-17 09:31:30 上午 [Thread: main][ Class:org.mybatis.generator.internal.db.DatabaseIntrospector >> Method: org.mybatis.generator.logging.Log4jImpl.debug(Log4jImpl.java:46) ]
DEBUG:Found column "WRITTEN_RANKING", data type 12, in table "GPP.SYS_CANDIDATE_INFO"
2020-04-17 09:31:30 上午 [Thread: main][ Class:org.mybatis.generator.internal.db.DatabaseIntrospector >> Method: org.mybatis.generator.logging.Log4jImpl.debug(Log4jImpl.java:46) ]
DEBUG:Found column "INTERVIEW_DATE", data type 91, in table "GPP.SYS_CANDIDATE_INFO"
2020-04-17 09:31:30 上午 [Thread: main][ Class:org.mybatis.generator.internal.db.DatabaseIntrospector >> Method: org.mybatis.generator.logging.Log4jImpl.debug(Log4jImpl.java:46) ]
DEBUG:Found column "INTERVIEW_RESULT", data type 12, in table "GPP.SYS_CANDIDATE_INFO"
2020-04-17 09:31:30 上午 [Thread: main][ Class:org.mybatis.generator.internal.db.DatabaseIntrospector >> Method: org.mybatis.generator.logging.Log4jImpl.debug(Log4jImpl.java:46) ]
DEBUG:Found column "INTERVIEW_RANKING", data type 12, in table "GPP.SYS_CANDIDATE_INFO"
2020-04-17 09:31:30 上午 [Thread: main][ Class:org.mybatis.generator.internal.db.DatabaseIntrospector >> Method: org.mybatis.generator.logging.Log4jImpl.debug(Log4jImpl.java:46) ]
DEBUG:Found column "THESIS_DATE", data type 91, in table "GPP.SYS_CANDIDATE_INFO"
2020-04-17 09:31:30 上午 [Thread: main][ Class:org.mybatis.generator.internal.db.DatabaseIntrospector >> Method: org.mybatis.generator.logging.Log4jImpl.debug(Log4jImpl.java:46) ]
DEBUG:Found column "THESIS_RESULT", data type 12, in table "GPP.SYS_CANDIDATE_INFO"
2020-04-17 09:31:30 上午 [Thread: main][ Class:org.mybatis.generator.internal.db.DatabaseIntrospector >> Method: org.mybatis.generator.logging.Log4jImpl.debug(Log4jImpl.java:46) ]
DEBUG:Found column "THESIS_RANKING", data type 12, in table "GPP.SYS_CANDIDATE_INFO"
2020-04-17 09:31:30 上午 [Thread: main][ Class:org.mybatis.generator.internal.db.DatabaseIntrospector >> Method: org.mybatis.generator.logging.Log4jImpl.debug(Log4jImpl.java:46) ]
DEBUG:Found column "SYNTHESIS_RESULT", data type 12, in table "GPP.SYS_CANDIDATE_INFO"
2020-04-17 09:31:30 上午 [Thread: main][ Class:org.mybatis.generator.internal.db.DatabaseIntrospector >> Method: org.mybatis.generator.logging.Log4jImpl.debug(Log4jImpl.java:46) ]
DEBUG:Found column "SYNTHESIS_RANKING", data type 12, in table "GPP.SYS_CANDIDATE_INFO"
2020-04-17 09:31:30 上午 [Thread: main][ Class:org.mybatis.generator.internal.db.DatabaseIntrospector >> Method: org.mybatis.generator.logging.Log4jImpl.debug(Log4jImpl.java:46) ]
DEBUG:Found column "CREATION_TIME", data type 91, in table "GPP.SYS_CANDIDATE_INFO"
2020-04-17 09:31:30 上午 [Thread: main][ Class:org.mybatis.generator.internal.db.DatabaseIntrospector >> Method: org.mybatis.generator.logging.Log4jImpl.debug(Log4jImpl.java:46) ]
DEBUG:Found column "UPDATE_TIME", data type 91, in table "GPP.SYS_CANDIDATE_INFO"
2020-04-17 09:31:30 上午 [Thread: main][ Class:org.mybatis.generator.internal.db.DatabaseIntrospector >> Method: org.mybatis.generator.logging.Log4jImpl.debug(Log4jImpl.java:46) ]
DEBUG:Found column "TYPE", data type 12, in table "GPP.SYS_CANDIDATE_INFO"
2020-04-17 09:31:30 上午 [Thread: main][ Class:org.mybatis.generator.internal.db.DatabaseIntrospector >> Method: org.mybatis.generator.logging.Log4jImpl.debug(Log4jImpl.java:46) ]
DEBUG:Found override for column "BIRTHDAY" in table "GPP.SYS_CANDIDATE_INFO"
2020-04-17 09:31:30 上午 [Thread: main][ Class:org.mybatis.generator.internal.db.DatabaseIntrospector >> Method: org.mybatis.generator.logging.Log4jImpl.debug(Log4jImpl.java:46) ]
DEBUG:Found override for column "MEETING_DATE" in table "GPP.SYS_CANDIDATE_INFO"
2020-04-17 09:31:30 上午 [Thread: main][ Class:org.mybatis.generator.internal.db.DatabaseIntrospector >> Method: org.mybatis.generator.logging.Log4jImpl.debug(Log4jImpl.java:46) ]
DEBUG:Found override for column "REPLY_DATE" in table "GPP.SYS_CANDIDATE_INFO"
2020-04-17 09:31:30 上午 [Thread: main][ Class:org.mybatis.generator.internal.db.DatabaseIntrospector >> Method: org.mybatis.generator.logging.Log4jImpl.debug(Log4jImpl.java:46) ]
DEBUG:Found override for column "WRITTEN_DATE" in table "GPP.SYS_CANDIDATE_INFO"
2020-04-17 09:31:30 上午 [Thread: main][ Class:org.mybatis.generator.internal.db.DatabaseIntrospector >> Method: org.mybatis.generator.logging.Log4jImpl.debug(Log4jImpl.java:46) ]
DEBUG:Found override for column "INTERVIEW_DATE" in table "GPP.SYS_CANDIDATE_INFO"
2020-04-17 09:31:30 上午 [Thread: main][ Class:org.mybatis.generator.internal.db.DatabaseIntrospector >> Method: org.mybatis.generator.logging.Log4jImpl.debug(Log4jImpl.java:46) ]
DEBUG:Found override for column "THESIS_DATE" in table "GPP.SYS_CANDIDATE_INFO"
2020-04-17 09:31:30 上午 [Thread: main][ Class:org.mybatis.generator.internal.db.DatabaseIntrospector >> Method: org.mybatis.generator.logging.Log4jImpl.debug(Log4jImpl.java:46) ]
DEBUG:Found override for column "CREATION_TIME" in table "GPP.SYS_CANDIDATE_INFO"
2020-04-17 09:31:30 上午 [Thread: main][ Class:com.nantian.generator.impl.MybatisGenerator >> Method: com.nantian.generator.impl.MybatisGenerator.create(MybatisGenerator.java:258) ]
INFO:生成代码结束.
2020-04-17 10:27:36 上午 [Thread: main][ Class:com.nantian.generator.impl.MybatisGenerator >> Method: com.nantian.generator.impl.MybatisGenerator.create(MybatisGenerator.java:246) ]
INFO:开始检查配置数据...
2020-04-17 10:27:36 上午 [Thread: main][ Class:com.nantian.generator.impl.MybatisGenerator >> Method: com.nantian.generator.impl.MybatisGenerator.create(MybatisGenerator.java:248) ]
INFO:开始组装数据...
2020-04-17 10:27:36 上午 [Thread: main][ Class:com.nantian.generator.impl.MybatisGenerator >> Method: com.nantian.generator.impl.MybatisGenerator.create(MybatisGenerator.java:251) ]
INFO:开始生成配置信息
2020-04-17 10:27:36 上午 [Thread: main][ Class:com.nantian.generator.impl.MybatisGenerator >> Method: com.nantian.generator.impl.MybatisGenerator.create(MybatisGenerator.java:254) ]
DEBUG:生成的配置信息：
<?xml version="1.0" encoding="UTF-8"?>
<!DOCTYPE generatorConfiguration PUBLIC "-//mybatis.org//DTD MyBatis Generator Configuration 1.0//EN" "http://mybatis.org/dtd/mybatis-generator-config_1_0.dtd">

<generatorConfiguration>
  <context id="MysqlContext" targetRuntime="MyBatis3">
    <plugin type="org.mybatis.generator.plugins.SerializablePlugin"/>
    <plugin type="org.mybatis.generator.plugins.ToStringPlugin"/>
    <commentGenerator type="com.nantian.generator.ChineseCommentGenerator">
      <property name="suppressAllComments" value="false"/>
      <property name="suppressDate" value="false"/>
    </commentGenerator>
    <jdbcConnection driverClass="oracle.jdbc.driver.OracleDriver" connectionURL="jdbc:oracle:thin:@127.0.0.1:1521:ORCL" userId="gpp" password="gpp">
      <property name="nullCatalogMeansCurrent" value="true"/>
      <property name="remarksReporting" value="true"/>
    </jdbcConnection>
    <javaTypeResolver>
      <property name="forceBigDecimals" value="false"/>
    </javaTypeResolver>
    <javaModelGenerator targetPackage="com.nantian.entity.sys" targetProject="./src/main/java">
      <property name="enableSubPackages" value="false"/>
      <property name="trimStrings" value="false"/>
    </javaModelGenerator>
    <sqlMapGenerator targetPackage="com.nantian.mapper.sys" targetProject="./src/main/java">
      <property name="enableSubPackages" value="false"/>
    </sqlMapGenerator>
    <javaClientGenerator type="XMLMAPPER" targetPackage="com.nantian.mapper.sys" targetProject="./src/main/java">
      <property name="enableSubPackages" value="false"/>
    </javaClientGenerator>
    <table schema="gpp" tableName="SYS_UNIT_RECOMMENDED" enableCountByExample="true" enableDeleteByExample="true" enableUpdateByExample="true" enableSelectByExample="true" selectByExampleQueryId="true">
      <columnOverride column="CREATION_TIME" jdbcType="TIMESTAMP"/>
      <columnOverride column="UPDATE_TIME" jdbcType="TIMESTAMP"/>
    </table>
  </context>
</generatorConfiguration>

2020-04-17 10:27:36 上午 [Thread: main][ Class:com.nantian.generator.impl.MybatisGenerator >> Method: com.nantian.generator.impl.MybatisGenerator.create(MybatisGenerator.java:255) ]
INFO:开始生成代码...
2020-04-17 10:27:36 上午 [Thread: main][ Class:org.mybatis.generator.internal.db.DatabaseIntrospector >> Method: org.mybatis.generator.logging.Log4jImpl.debug(Log4jImpl.java:46) ]
DEBUG:Retrieving column information for table "GPP.SYS_UNIT_RECOMMENDED"
2020-04-17 10:27:37 上午 [Thread: main][ Class:org.mybatis.generator.internal.db.DatabaseIntrospector >> Method: org.mybatis.generator.logging.Log4jImpl.debug(Log4jImpl.java:46) ]
DEBUG:Found column "ID", data type 3, in table "GPP.SYS_UNIT_RECOMMENDED"
2020-04-17 10:27:37 上午 [Thread: main][ Class:org.mybatis.generator.internal.db.DatabaseIntrospector >> Method: org.mybatis.generator.logging.Log4jImpl.debug(Log4jImpl.java:46) ]
DEBUG:Found column "CANDIDATE_NAME", data type 12, in table "GPP.SYS_UNIT_RECOMMENDED"
2020-04-17 10:27:37 上午 [Thread: main][ Class:org.mybatis.generator.internal.db.DatabaseIntrospector >> Method: org.mybatis.generator.logging.Log4jImpl.debug(Log4jImpl.java:46) ]
DEBUG:Found column "CANDIDATE_UNIT", data type 12, in table "GPP.SYS_UNIT_RECOMMENDED"
2020-04-17 10:27:37 上午 [Thread: main][ Class:org.mybatis.generator.internal.db.DatabaseIntrospector >> Method: org.mybatis.generator.logging.Log4jImpl.debug(Log4jImpl.java:46) ]
DEBUG:Found column "CANDIDATE_POSITION", data type 12, in table "GPP.SYS_UNIT_RECOMMENDED"
2020-04-17 10:27:37 上午 [Thread: main][ Class:org.mybatis.generator.internal.db.DatabaseIntrospector >> Method: org.mybatis.generator.logging.Log4jImpl.debug(Log4jImpl.java:46) ]
DEBUG:Found column "UNIT_RECOMMENDED_MATERIAL", data type 12, in table "GPP.SYS_UNIT_RECOMMENDED"
2020-04-17 10:27:37 上午 [Thread: main][ Class:org.mybatis.generator.internal.db.DatabaseIntrospector >> Method: org.mybatis.generator.logging.Log4jImpl.debug(Log4jImpl.java:46) ]
DEBUG:Found column "CREATION_TIME", data type 91, in table "GPP.SYS_UNIT_RECOMMENDED"
2020-04-17 10:27:37 上午 [Thread: main][ Class:org.mybatis.generator.internal.db.DatabaseIntrospector >> Method: org.mybatis.generator.logging.Log4jImpl.debug(Log4jImpl.java:46) ]
DEBUG:Found column "UPDATE_TIME", data type 91, in table "GPP.SYS_UNIT_RECOMMENDED"
2020-04-17 10:27:37 上午 [Thread: main][ Class:org.mybatis.generator.internal.db.DatabaseIntrospector >> Method: org.mybatis.generator.logging.Log4jImpl.debug(Log4jImpl.java:46) ]
DEBUG:Found override for column "CREATION_TIME" in table "GPP.SYS_UNIT_RECOMMENDED"
2020-04-17 10:27:37 上午 [Thread: main][ Class:org.mybatis.generator.internal.db.DatabaseIntrospector >> Method: org.mybatis.generator.logging.Log4jImpl.debug(Log4jImpl.java:46) ]
DEBUG:Found override for column "UPDATE_TIME" in table "GPP.SYS_UNIT_RECOMMENDED"
2020-04-17 10:27:37 上午 [Thread: main][ Class:com.nantian.generator.impl.MybatisGenerator >> Method: com.nantian.generator.impl.MybatisGenerator.create(MybatisGenerator.java:258) ]
INFO:生成代码结束.
2020-04-17 11:00:30 上午 [Thread: main][ Class:com.nantian.generator.impl.MybatisGenerator >> Method: com.nantian.generator.impl.MybatisGenerator.create(MybatisGenerator.java:246) ]
INFO:开始检查配置数据...
2020-04-17 11:00:30 上午 [Thread: main][ Class:com.nantian.generator.impl.MybatisGenerator >> Method: com.nantian.generator.impl.MybatisGenerator.create(MybatisGenerator.java:248) ]
INFO:开始组装数据...
2020-04-17 11:00:30 上午 [Thread: main][ Class:com.nantian.generator.impl.MybatisGenerator >> Method: com.nantian.generator.impl.MybatisGenerator.create(MybatisGenerator.java:251) ]
INFO:开始生成配置信息
2020-04-17 11:00:30 上午 [Thread: main][ Class:com.nantian.generator.impl.MybatisGenerator >> Method: com.nantian.generator.impl.MybatisGenerator.create(MybatisGenerator.java:254) ]
DEBUG:生成的配置信息：
<?xml version="1.0" encoding="UTF-8"?>
<!DOCTYPE generatorConfiguration PUBLIC "-//mybatis.org//DTD MyBatis Generator Configuration 1.0//EN" "http://mybatis.org/dtd/mybatis-generator-config_1_0.dtd">

<generatorConfiguration>
  <context id="MysqlContext" targetRuntime="MyBatis3">
    <plugin type="org.mybatis.generator.plugins.SerializablePlugin"/>
    <plugin type="org.mybatis.generator.plugins.ToStringPlugin"/>
    <commentGenerator type="com.nantian.generator.ChineseCommentGenerator">
      <property name="suppressAllComments" value="false"/>
      <property name="suppressDate" value="false"/>
    </commentGenerator>
    <jdbcConnection driverClass="oracle.jdbc.driver.OracleDriver" connectionURL="jdbc:oracle:thin:@127.0.0.1:1521:ORCL" userId="gpp" password="gpp">
      <property name="nullCatalogMeansCurrent" value="true"/>
      <property name="remarksReporting" value="true"/>
    </jdbcConnection>
    <javaTypeResolver>
      <property name="forceBigDecimals" value="false"/>
    </javaTypeResolver>
    <javaModelGenerator targetPackage="com.nantian.entity.sys" targetProject="./src/main/java">
      <property name="enableSubPackages" value="false"/>
      <property name="trimStrings" value="false"/>
    </javaModelGenerator>
    <sqlMapGenerator targetPackage="com.nantian.mapper.sys" targetProject="./src/main/java">
      <property name="enableSubPackages" value="false"/>
    </sqlMapGenerator>
    <javaClientGenerator type="XMLMAPPER" targetPackage="com.nantian.mapper.sys" targetProject="./src/main/java">
      <property name="enableSubPackages" value="false"/>
    </javaClientGenerator>
    <table schema="gpp" tableName="SYS_UNIT_RECOMMENDED" enableCountByExample="true" enableDeleteByExample="true" enableUpdateByExample="true" enableSelectByExample="true" selectByExampleQueryId="true">
      <columnOverride column="CREATION_TIME" jdbcType="TIMESTAMP"/>
      <columnOverride column="UPDATE_TIME" jdbcType="TIMESTAMP"/>
    </table>
  </context>
</generatorConfiguration>

2020-04-17 11:00:30 上午 [Thread: main][ Class:com.nantian.generator.impl.MybatisGenerator >> Method: com.nantian.generator.impl.MybatisGenerator.create(MybatisGenerator.java:255) ]
INFO:开始生成代码...
2020-04-17 11:00:31 上午 [Thread: main][ Class:org.mybatis.generator.internal.db.DatabaseIntrospector >> Method: org.mybatis.generator.logging.Log4jImpl.debug(Log4jImpl.java:46) ]
DEBUG:Retrieving column information for table "GPP.SYS_UNIT_RECOMMENDED"
2020-04-17 11:00:31 上午 [Thread: main][ Class:org.mybatis.generator.internal.db.DatabaseIntrospector >> Method: org.mybatis.generator.logging.Log4jImpl.debug(Log4jImpl.java:46) ]
DEBUG:Found column "ID", data type 3, in table "GPP.SYS_UNIT_RECOMMENDED"
2020-04-17 11:00:31 上午 [Thread: main][ Class:org.mybatis.generator.internal.db.DatabaseIntrospector >> Method: org.mybatis.generator.logging.Log4jImpl.debug(Log4jImpl.java:46) ]
DEBUG:Found column "CANDIDATE_NAME", data type 12, in table "GPP.SYS_UNIT_RECOMMENDED"
2020-04-17 11:00:31 上午 [Thread: main][ Class:org.mybatis.generator.internal.db.DatabaseIntrospector >> Method: org.mybatis.generator.logging.Log4jImpl.debug(Log4jImpl.java:46) ]
DEBUG:Found column "CANDIDATE_UNIT", data type 12, in table "GPP.SYS_UNIT_RECOMMENDED"
2020-04-17 11:00:31 上午 [Thread: main][ Class:org.mybatis.generator.internal.db.DatabaseIntrospector >> Method: org.mybatis.generator.logging.Log4jImpl.debug(Log4jImpl.java:46) ]
DEBUG:Found column "CANDIDATE_POSITION", data type 12, in table "GPP.SYS_UNIT_RECOMMENDED"
2020-04-17 11:00:31 上午 [Thread: main][ Class:org.mybatis.generator.internal.db.DatabaseIntrospector >> Method: org.mybatis.generator.logging.Log4jImpl.debug(Log4jImpl.java:46) ]
DEBUG:Found column "UNIT_RECOMMENDED_MATERIAL", data type 12, in table "GPP.SYS_UNIT_RECOMMENDED"
2020-04-17 11:00:31 上午 [Thread: main][ Class:org.mybatis.generator.internal.db.DatabaseIntrospector >> Method: org.mybatis.generator.logging.Log4jImpl.debug(Log4jImpl.java:46) ]
DEBUG:Found column "CREATION_TIME", data type 91, in table "GPP.SYS_UNIT_RECOMMENDED"
2020-04-17 11:00:31 上午 [Thread: main][ Class:org.mybatis.generator.internal.db.DatabaseIntrospector >> Method: org.mybatis.generator.logging.Log4jImpl.debug(Log4jImpl.java:46) ]
DEBUG:Found column "UPDATE_TIME", data type 91, in table "GPP.SYS_UNIT_RECOMMENDED"
2020-04-17 11:00:31 上午 [Thread: main][ Class:org.mybatis.generator.internal.db.DatabaseIntrospector >> Method: org.mybatis.generator.logging.Log4jImpl.debug(Log4jImpl.java:46) ]
DEBUG:Found column "CANDIDATE_POSITION_LEVEL", data type 12, in table "GPP.SYS_UNIT_RECOMMENDED"
2020-04-17 11:00:31 上午 [Thread: main][ Class:org.mybatis.generator.internal.db.DatabaseIntrospector >> Method: org.mybatis.generator.logging.Log4jImpl.debug(Log4jImpl.java:46) ]
DEBUG:Found override for column "CREATION_TIME" in table "GPP.SYS_UNIT_RECOMMENDED"
2020-04-17 11:00:31 上午 [Thread: main][ Class:org.mybatis.generator.internal.db.DatabaseIntrospector >> Method: org.mybatis.generator.logging.Log4jImpl.debug(Log4jImpl.java:46) ]
DEBUG:Found override for column "UPDATE_TIME" in table "GPP.SYS_UNIT_RECOMMENDED"
2020-04-17 11:00:31 上午 [Thread: main][ Class:com.nantian.generator.impl.MybatisGenerator >> Method: com.nantian.generator.impl.MybatisGenerator.create(MybatisGenerator.java:258) ]
INFO:生成代码结束.
2020-04-17 11:09:55 上午 [Thread: main][ Class:com.nantian.generator.impl.MybatisGenerator >> Method: com.nantian.generator.impl.MybatisGenerator.create(MybatisGenerator.java:246) ]
INFO:开始检查配置数据...
2020-04-17 11:09:55 上午 [Thread: main][ Class:com.nantian.generator.impl.MybatisGenerator >> Method: com.nantian.generator.impl.MybatisGenerator.create(MybatisGenerator.java:248) ]
INFO:开始组装数据...
2020-04-17 11:09:55 上午 [Thread: main][ Class:com.nantian.generator.impl.MybatisGenerator >> Method: com.nantian.generator.impl.MybatisGenerator.create(MybatisGenerator.java:251) ]
INFO:开始生成配置信息
2020-04-17 11:09:55 上午 [Thread: main][ Class:com.nantian.generator.impl.MybatisGenerator >> Method: com.nantian.generator.impl.MybatisGenerator.create(MybatisGenerator.java:254) ]
DEBUG:生成的配置信息：
<?xml version="1.0" encoding="UTF-8"?>
<!DOCTYPE generatorConfiguration PUBLIC "-//mybatis.org//DTD MyBatis Generator Configuration 1.0//EN" "http://mybatis.org/dtd/mybatis-generator-config_1_0.dtd">

<generatorConfiguration>
  <context id="MysqlContext" targetRuntime="MyBatis3">
    <plugin type="org.mybatis.generator.plugins.SerializablePlugin"/>
    <plugin type="org.mybatis.generator.plugins.ToStringPlugin"/>
    <commentGenerator type="com.nantian.generator.ChineseCommentGenerator">
      <property name="suppressAllComments" value="false"/>
      <property name="suppressDate" value="false"/>
    </commentGenerator>
    <jdbcConnection driverClass="oracle.jdbc.driver.OracleDriver" connectionURL="jdbc:oracle:thin:@127.0.0.1:1521:ORCL" userId="gpp" password="gpp">
      <property name="nullCatalogMeansCurrent" value="true"/>
      <property name="remarksReporting" value="true"/>
    </jdbcConnection>
    <javaTypeResolver>
      <property name="forceBigDecimals" value="false"/>
    </javaTypeResolver>
    <javaModelGenerator targetPackage="com.nantian.entity.sys" targetProject="./src/main/java">
      <property name="enableSubPackages" value="false"/>
      <property name="trimStrings" value="false"/>
    </javaModelGenerator>
    <sqlMapGenerator targetPackage="com.nantian.mapper.sys" targetProject="./src/main/java">
      <property name="enableSubPackages" value="false"/>
    </sqlMapGenerator>
    <javaClientGenerator type="XMLMAPPER" targetPackage="com.nantian.mapper.sys" targetProject="./src/main/java">
      <property name="enableSubPackages" value="false"/>
    </javaClientGenerator>
    <table schema="gpp" tableName="SYS_UNIT_RECOMMENDED" enableCountByExample="true" enableDeleteByExample="true" enableUpdateByExample="true" enableSelectByExample="true" selectByExampleQueryId="true">
      <columnOverride column="CREATION_TIME" jdbcType="TIMESTAMP"/>
      <columnOverride column="UPDATE_TIME" jdbcType="TIMESTAMP"/>
    </table>
  </context>
</generatorConfiguration>

2020-04-17 11:09:55 上午 [Thread: main][ Class:com.nantian.generator.impl.MybatisGenerator >> Method: com.nantian.generator.impl.MybatisGenerator.create(MybatisGenerator.java:255) ]
INFO:开始生成代码...
2020-04-17 11:09:55 上午 [Thread: main][ Class:org.mybatis.generator.internal.db.DatabaseIntrospector >> Method: org.mybatis.generator.logging.Log4jImpl.debug(Log4jImpl.java:46) ]
DEBUG:Retrieving column information for table "GPP.SYS_UNIT_RECOMMENDED"
2020-04-17 11:09:55 上午 [Thread: main][ Class:org.mybatis.generator.internal.db.DatabaseIntrospector >> Method: org.mybatis.generator.logging.Log4jImpl.debug(Log4jImpl.java:46) ]
DEBUG:Found column "ID", data type 3, in table "GPP.SYS_UNIT_RECOMMENDED"
2020-04-17 11:09:55 上午 [Thread: main][ Class:org.mybatis.generator.internal.db.DatabaseIntrospector >> Method: org.mybatis.generator.logging.Log4jImpl.debug(Log4jImpl.java:46) ]
DEBUG:Found column "CANDIDATE_NAME", data type 12, in table "GPP.SYS_UNIT_RECOMMENDED"
2020-04-17 11:09:55 上午 [Thread: main][ Class:org.mybatis.generator.internal.db.DatabaseIntrospector >> Method: org.mybatis.generator.logging.Log4jImpl.debug(Log4jImpl.java:46) ]
DEBUG:Found column "CANDIDATE_UNIT", data type 12, in table "GPP.SYS_UNIT_RECOMMENDED"
2020-04-17 11:09:55 上午 [Thread: main][ Class:org.mybatis.generator.internal.db.DatabaseIntrospector >> Method: org.mybatis.generator.logging.Log4jImpl.debug(Log4jImpl.java:46) ]
DEBUG:Found column "CANDIDATE_POSITION", data type 12, in table "GPP.SYS_UNIT_RECOMMENDED"
2020-04-17 11:09:55 上午 [Thread: main][ Class:org.mybatis.generator.internal.db.DatabaseIntrospector >> Method: org.mybatis.generator.logging.Log4jImpl.debug(Log4jImpl.java:46) ]
DEBUG:Found column "UNIT_RECOMMENDED_MATERIAL", data type 12, in table "GPP.SYS_UNIT_RECOMMENDED"
2020-04-17 11:09:55 上午 [Thread: main][ Class:org.mybatis.generator.internal.db.DatabaseIntrospector >> Method: org.mybatis.generator.logging.Log4jImpl.debug(Log4jImpl.java:46) ]
DEBUG:Found column "CREATION_TIME", data type 91, in table "GPP.SYS_UNIT_RECOMMENDED"
2020-04-17 11:09:55 上午 [Thread: main][ Class:org.mybatis.generator.internal.db.DatabaseIntrospector >> Method: org.mybatis.generator.logging.Log4jImpl.debug(Log4jImpl.java:46) ]
DEBUG:Found column "UPDATE_TIME", data type 91, in table "GPP.SYS_UNIT_RECOMMENDED"
2020-04-17 11:09:55 上午 [Thread: main][ Class:org.mybatis.generator.internal.db.DatabaseIntrospector >> Method: org.mybatis.generator.logging.Log4jImpl.debug(Log4jImpl.java:46) ]
DEBUG:Found column "CANDIDATE_POSITION_LEVEL", data type 12, in table "GPP.SYS_UNIT_RECOMMENDED"
2020-04-17 11:09:55 上午 [Thread: main][ Class:org.mybatis.generator.internal.db.DatabaseIntrospector >> Method: org.mybatis.generator.logging.Log4jImpl.debug(Log4jImpl.java:46) ]
DEBUG:Found override for column "CREATION_TIME" in table "GPP.SYS_UNIT_RECOMMENDED"
2020-04-17 11:09:55 上午 [Thread: main][ Class:org.mybatis.generator.internal.db.DatabaseIntrospector >> Method: org.mybatis.generator.logging.Log4jImpl.debug(Log4jImpl.java:46) ]
DEBUG:Found override for column "UPDATE_TIME" in table "GPP.SYS_UNIT_RECOMMENDED"
2020-04-17 11:09:55 上午 [Thread: main][ Class:com.nantian.generator.impl.MybatisGenerator >> Method: com.nantian.generator.impl.MybatisGenerator.create(MybatisGenerator.java:258) ]
INFO:生成代码结束.
2020-04-17 11:57:43 上午 [Thread: main][ Class:com.nantian.generator.impl.MybatisGenerator >> Method: com.nantian.generator.impl.MybatisGenerator.create(MybatisGenerator.java:246) ]
INFO:开始检查配置数据...
2020-04-17 11:57:43 上午 [Thread: main][ Class:com.nantian.generator.impl.MybatisGenerator >> Method: com.nantian.generator.impl.MybatisGenerator.create(MybatisGenerator.java:248) ]
INFO:开始组装数据...
2020-04-17 11:57:43 上午 [Thread: main][ Class:com.nantian.generator.impl.MybatisGenerator >> Method: com.nantian.generator.impl.MybatisGenerator.create(MybatisGenerator.java:251) ]
INFO:开始生成配置信息
2020-04-17 11:57:43 上午 [Thread: main][ Class:com.nantian.generator.impl.MybatisGenerator >> Method: com.nantian.generator.impl.MybatisGenerator.create(MybatisGenerator.java:254) ]
DEBUG:生成的配置信息：
<?xml version="1.0" encoding="UTF-8"?>
<!DOCTYPE generatorConfiguration PUBLIC "-//mybatis.org//DTD MyBatis Generator Configuration 1.0//EN" "http://mybatis.org/dtd/mybatis-generator-config_1_0.dtd">

<generatorConfiguration>
  <context id="MysqlContext" targetRuntime="MyBatis3">
    <plugin type="org.mybatis.generator.plugins.SerializablePlugin"/>
    <plugin type="org.mybatis.generator.plugins.ToStringPlugin"/>
    <commentGenerator type="com.nantian.generator.ChineseCommentGenerator">
      <property name="suppressAllComments" value="false"/>
      <property name="suppressDate" value="false"/>
    </commentGenerator>
    <jdbcConnection driverClass="oracle.jdbc.driver.OracleDriver" connectionURL="jdbc:oracle:thin:@127.0.0.1:1521:ORCL" userId="gpp" password="gpp">
      <property name="nullCatalogMeansCurrent" value="true"/>
      <property name="remarksReporting" value="true"/>
    </jdbcConnection>
    <javaTypeResolver>
      <property name="forceBigDecimals" value="false"/>
    </javaTypeResolver>
    <javaModelGenerator targetPackage="com.nantian.entity.sys" targetProject="./src/main/java">
      <property name="enableSubPackages" value="false"/>
      <property name="trimStrings" value="false"/>
    </javaModelGenerator>
    <sqlMapGenerator targetPackage="com.nantian.mapper.sys" targetProject="./src/main/java">
      <property name="enableSubPackages" value="false"/>
    </sqlMapGenerator>
    <javaClientGenerator type="XMLMAPPER" targetPackage="com.nantian.mapper.sys" targetProject="./src/main/java">
      <property name="enableSubPackages" value="false"/>
    </javaClientGenerator>
    <table schema="gpp" tableName="SYS_CANDIDATE_INFO" enableCountByExample="true" enableDeleteByExample="true" enableUpdateByExample="true" enableSelectByExample="true" selectByExampleQueryId="true">
      <columnOverride column="CREATION_TIME" jdbcType="TIMESTAMP"/>
      <columnOverride column="BIRTHDAY" jdbcType="TIMESTAMP"/>
      <columnOverride column="MEETING_DATE" jdbcType="TIMESTAMP"/>
      <columnOverride column="REPLY_DATE" jdbcType="TIMESTAMP"/>
      <columnOverride column="WRITTEN_DATE" jdbcType="TIMESTAMP"/>
      <columnOverride column="INTERVIEW_DATE" jdbcType="TIMESTAMP"/>
      <columnOverride column="THESIS_DATE" jdbcType="TIMESTAMP"/>
    </table>
  </context>
</generatorConfiguration>

2020-04-17 11:57:43 上午 [Thread: main][ Class:com.nantian.generator.impl.MybatisGenerator >> Method: com.nantian.generator.impl.MybatisGenerator.create(MybatisGenerator.java:255) ]
INFO:开始生成代码...
2020-04-17 11:57:44 上午 [Thread: main][ Class:org.mybatis.generator.internal.db.DatabaseIntrospector >> Method: org.mybatis.generator.logging.Log4jImpl.debug(Log4jImpl.java:46) ]
DEBUG:Retrieving column information for table "GPP.SYS_CANDIDATE_INFO"
2020-04-17 11:57:44 上午 [Thread: main][ Class:org.mybatis.generator.internal.db.DatabaseIntrospector >> Method: org.mybatis.generator.logging.Log4jImpl.debug(Log4jImpl.java:46) ]
DEBUG:Found column "ID", data type 3, in table "GPP.SYS_CANDIDATE_INFO"
2020-04-17 11:57:44 上午 [Thread: main][ Class:org.mybatis.generator.internal.db.DatabaseIntrospector >> Method: org.mybatis.generator.logging.Log4jImpl.debug(Log4jImpl.java:46) ]
DEBUG:Found column "CANDIDATE_NAME", data type 12, in table "GPP.SYS_CANDIDATE_INFO"
2020-04-17 11:57:44 上午 [Thread: main][ Class:org.mybatis.generator.internal.db.DatabaseIntrospector >> Method: org.mybatis.generator.logging.Log4jImpl.debug(Log4jImpl.java:46) ]
DEBUG:Found column "UNIT", data type 12, in table "GPP.SYS_CANDIDATE_INFO"
2020-04-17 11:57:44 上午 [Thread: main][ Class:org.mybatis.generator.internal.db.DatabaseIntrospector >> Method: org.mybatis.generator.logging.Log4jImpl.debug(Log4jImpl.java:46) ]
DEBUG:Found column "POSITION", data type 12, in table "GPP.SYS_CANDIDATE_INFO"
2020-04-17 11:57:44 上午 [Thread: main][ Class:org.mybatis.generator.internal.db.DatabaseIntrospector >> Method: org.mybatis.generator.logging.Log4jImpl.debug(Log4jImpl.java:46) ]
DEBUG:Found column "POSITION_LEVEL", data type 12, in table "GPP.SYS_CANDIDATE_INFO"
2020-04-17 11:57:44 上午 [Thread: main][ Class:org.mybatis.generator.internal.db.DatabaseIntrospector >> Method: org.mybatis.generator.logging.Log4jImpl.debug(Log4jImpl.java:46) ]
DEBUG:Found column "CANDIDATE_TYPE", data type 12, in table "GPP.SYS_CANDIDATE_INFO"
2020-04-17 11:57:44 上午 [Thread: main][ Class:org.mybatis.generator.internal.db.DatabaseIntrospector >> Method: org.mybatis.generator.logging.Log4jImpl.debug(Log4jImpl.java:46) ]
DEBUG:Found column "ADJUST_TYPE", data type 12, in table "GPP.SYS_CANDIDATE_INFO"
2020-04-17 11:57:44 上午 [Thread: main][ Class:org.mybatis.generator.internal.db.DatabaseIntrospector >> Method: org.mybatis.generator.logging.Log4jImpl.debug(Log4jImpl.java:46) ]
DEBUG:Found column "ASPIRING_UNIT", data type 12, in table "GPP.SYS_CANDIDATE_INFO"
2020-04-17 11:57:44 上午 [Thread: main][ Class:org.mybatis.generator.internal.db.DatabaseIntrospector >> Method: org.mybatis.generator.logging.Log4jImpl.debug(Log4jImpl.java:46) ]
DEBUG:Found column "ASPIRING_POSITION", data type 12, in table "GPP.SYS_CANDIDATE_INFO"
2020-04-17 11:57:44 上午 [Thread: main][ Class:org.mybatis.generator.internal.db.DatabaseIntrospector >> Method: org.mybatis.generator.logging.Log4jImpl.debug(Log4jImpl.java:46) ]
DEBUG:Found column "ASPIRING_POSITION_LEVEL", data type 12, in table "GPP.SYS_CANDIDATE_INFO"
2020-04-17 11:57:44 上午 [Thread: main][ Class:org.mybatis.generator.internal.db.DatabaseIntrospector >> Method: org.mybatis.generator.logging.Log4jImpl.debug(Log4jImpl.java:46) ]
DEBUG:Found column "SEX", data type 12, in table "GPP.SYS_CANDIDATE_INFO"
2020-04-17 11:57:44 上午 [Thread: main][ Class:org.mybatis.generator.internal.db.DatabaseIntrospector >> Method: org.mybatis.generator.logging.Log4jImpl.debug(Log4jImpl.java:46) ]
DEBUG:Found column "BIRTHDAY", data type 91, in table "GPP.SYS_CANDIDATE_INFO"
2020-04-17 11:57:44 上午 [Thread: main][ Class:org.mybatis.generator.internal.db.DatabaseIntrospector >> Method: org.mybatis.generator.logging.Log4jImpl.debug(Log4jImpl.java:46) ]
DEBUG:Found column "DEPARTMENT", data type 12, in table "GPP.SYS_CANDIDATE_INFO"
2020-04-17 11:57:44 上午 [Thread: main][ Class:org.mybatis.generator.internal.db.DatabaseIntrospector >> Method: org.mybatis.generator.logging.Log4jImpl.debug(Log4jImpl.java:46) ]
DEBUG:Found column "ORGANIZATION", data type 12, in table "GPP.SYS_CANDIDATE_INFO"
2020-04-17 11:57:44 上午 [Thread: main][ Class:org.mybatis.generator.internal.db.DatabaseIntrospector >> Method: org.mybatis.generator.logging.Log4jImpl.debug(Log4jImpl.java:46) ]
DEBUG:Found column "NOTE", data type 12, in table "GPP.SYS_CANDIDATE_INFO"
2020-04-17 11:57:44 上午 [Thread: main][ Class:org.mybatis.generator.internal.db.DatabaseIntrospector >> Method: org.mybatis.generator.logging.Log4jImpl.debug(Log4jImpl.java:46) ]
DEBUG:Found column "MEETING_DATE", data type 91, in table "GPP.SYS_CANDIDATE_INFO"
2020-04-17 11:57:44 上午 [Thread: main][ Class:org.mybatis.generator.internal.db.DatabaseIntrospector >> Method: org.mybatis.generator.logging.Log4jImpl.debug(Log4jImpl.java:46) ]
DEBUG:Found column "HOST", data type 12, in table "GPP.SYS_CANDIDATE_INFO"
2020-04-17 11:57:44 上午 [Thread: main][ Class:org.mybatis.generator.internal.db.DatabaseIntrospector >> Method: org.mybatis.generator.logging.Log4jImpl.debug(Log4jImpl.java:46) ]
DEBUG:Found column "DUE_NUMBER", data type 12, in table "GPP.SYS_CANDIDATE_INFO"
2020-04-17 11:57:44 上午 [Thread: main][ Class:org.mybatis.generator.internal.db.DatabaseIntrospector >> Method: org.mybatis.generator.logging.Log4jImpl.debug(Log4jImpl.java:46) ]
DEBUG:Found column "ACTUAL_NUMBER", data type 12, in table "GPP.SYS_CANDIDATE_INFO"
2020-04-17 11:57:44 上午 [Thread: main][ Class:org.mybatis.generator.internal.db.DatabaseIntrospector >> Method: org.mybatis.generator.logging.Log4jImpl.debug(Log4jImpl.java:46) ]
DEBUG:Found column "SUMMARY_NUMBER", data type 12, in table "GPP.SYS_CANDIDATE_INFO"
2020-04-17 11:57:44 上午 [Thread: main][ Class:org.mybatis.generator.internal.db.DatabaseIntrospector >> Method: org.mybatis.generator.logging.Log4jImpl.debug(Log4jImpl.java:46) ]
DEBUG:Found column "APPROVAL_TYPE", data type 12, in table "GPP.SYS_CANDIDATE_INFO"
2020-04-17 11:57:44 上午 [Thread: main][ Class:org.mybatis.generator.internal.db.DatabaseIntrospector >> Method: org.mybatis.generator.logging.Log4jImpl.debug(Log4jImpl.java:46) ]
DEBUG:Found column "REPLY_DATE", data type 91, in table "GPP.SYS_CANDIDATE_INFO"
2020-04-17 11:57:44 上午 [Thread: main][ Class:org.mybatis.generator.internal.db.DatabaseIntrospector >> Method: org.mybatis.generator.logging.Log4jImpl.debug(Log4jImpl.java:46) ]
DEBUG:Found column "CANDIDATE_NUMBER", data type 12, in table "GPP.SYS_CANDIDATE_INFO"
2020-04-17 11:57:44 上午 [Thread: main][ Class:org.mybatis.generator.internal.db.DatabaseIntrospector >> Method: org.mybatis.generator.logging.Log4jImpl.debug(Log4jImpl.java:46) ]
DEBUG:Found column "WRITTEN_DATE", data type 91, in table "GPP.SYS_CANDIDATE_INFO"
2020-04-17 11:57:44 上午 [Thread: main][ Class:org.mybatis.generator.internal.db.DatabaseIntrospector >> Method: org.mybatis.generator.logging.Log4jImpl.debug(Log4jImpl.java:46) ]
DEBUG:Found column "WRITTEN_RESULT", data type 12, in table "GPP.SYS_CANDIDATE_INFO"
2020-04-17 11:57:44 上午 [Thread: main][ Class:org.mybatis.generator.internal.db.DatabaseIntrospector >> Method: org.mybatis.generator.logging.Log4jImpl.debug(Log4jImpl.java:46) ]
DEBUG:Found column "WRITTEN_RANKING", data type 12, in table "GPP.SYS_CANDIDATE_INFO"
2020-04-17 11:57:44 上午 [Thread: main][ Class:org.mybatis.generator.internal.db.DatabaseIntrospector >> Method: org.mybatis.generator.logging.Log4jImpl.debug(Log4jImpl.java:46) ]
DEBUG:Found column "INTERVIEW_DATE", data type 91, in table "GPP.SYS_CANDIDATE_INFO"
2020-04-17 11:57:44 上午 [Thread: main][ Class:org.mybatis.generator.internal.db.DatabaseIntrospector >> Method: org.mybatis.generator.logging.Log4jImpl.debug(Log4jImpl.java:46) ]
DEBUG:Found column "INTERVIEW_RESULT", data type 12, in table "GPP.SYS_CANDIDATE_INFO"
2020-04-17 11:57:44 上午 [Thread: main][ Class:org.mybatis.generator.internal.db.DatabaseIntrospector >> Method: org.mybatis.generator.logging.Log4jImpl.debug(Log4jImpl.java:46) ]
DEBUG:Found column "INTERVIEW_RANKING", data type 12, in table "GPP.SYS_CANDIDATE_INFO"
2020-04-17 11:57:44 上午 [Thread: main][ Class:org.mybatis.generator.internal.db.DatabaseIntrospector >> Method: org.mybatis.generator.logging.Log4jImpl.debug(Log4jImpl.java:46) ]
DEBUG:Found column "THESIS_DATE", data type 91, in table "GPP.SYS_CANDIDATE_INFO"
2020-04-17 11:57:44 上午 [Thread: main][ Class:org.mybatis.generator.internal.db.DatabaseIntrospector >> Method: org.mybatis.generator.logging.Log4jImpl.debug(Log4jImpl.java:46) ]
DEBUG:Found column "THESIS_RESULT", data type 12, in table "GPP.SYS_CANDIDATE_INFO"
2020-04-17 11:57:44 上午 [Thread: main][ Class:org.mybatis.generator.internal.db.DatabaseIntrospector >> Method: org.mybatis.generator.logging.Log4jImpl.debug(Log4jImpl.java:46) ]
DEBUG:Found column "THESIS_RANKING", data type 12, in table "GPP.SYS_CANDIDATE_INFO"
2020-04-17 11:57:44 上午 [Thread: main][ Class:org.mybatis.generator.internal.db.DatabaseIntrospector >> Method: org.mybatis.generator.logging.Log4jImpl.debug(Log4jImpl.java:46) ]
DEBUG:Found column "SYNTHESIS_RESULT", data type 12, in table "GPP.SYS_CANDIDATE_INFO"
2020-04-17 11:57:44 上午 [Thread: main][ Class:org.mybatis.generator.internal.db.DatabaseIntrospector >> Method: org.mybatis.generator.logging.Log4jImpl.debug(Log4jImpl.java:46) ]
DEBUG:Found column "SYNTHESIS_RANKING", data type 12, in table "GPP.SYS_CANDIDATE_INFO"
2020-04-17 11:57:44 上午 [Thread: main][ Class:org.mybatis.generator.internal.db.DatabaseIntrospector >> Method: org.mybatis.generator.logging.Log4jImpl.debug(Log4jImpl.java:46) ]
DEBUG:Found column "CREATION_TIME", data type 91, in table "GPP.SYS_CANDIDATE_INFO"
2020-04-17 11:57:44 上午 [Thread: main][ Class:org.mybatis.generator.internal.db.DatabaseIntrospector >> Method: org.mybatis.generator.logging.Log4jImpl.debug(Log4jImpl.java:46) ]
DEBUG:Found column "UPDATE_TIME", data type 91, in table "GPP.SYS_CANDIDATE_INFO"
2020-04-17 11:57:44 上午 [Thread: main][ Class:org.mybatis.generator.internal.db.DatabaseIntrospector >> Method: org.mybatis.generator.logging.Log4jImpl.debug(Log4jImpl.java:46) ]
DEBUG:Found column "TYPE", data type 12, in table "GPP.SYS_CANDIDATE_INFO"
2020-04-17 11:57:44 上午 [Thread: main][ Class:org.mybatis.generator.internal.db.DatabaseIntrospector >> Method: org.mybatis.generator.logging.Log4jImpl.debug(Log4jImpl.java:46) ]
DEBUG:Found override for column "BIRTHDAY" in table "GPP.SYS_CANDIDATE_INFO"
2020-04-17 11:57:44 上午 [Thread: main][ Class:org.mybatis.generator.internal.db.DatabaseIntrospector >> Method: org.mybatis.generator.logging.Log4jImpl.debug(Log4jImpl.java:46) ]
DEBUG:Found override for column "MEETING_DATE" in table "GPP.SYS_CANDIDATE_INFO"
2020-04-17 11:57:44 上午 [Thread: main][ Class:org.mybatis.generator.internal.db.DatabaseIntrospector >> Method: org.mybatis.generator.logging.Log4jImpl.debug(Log4jImpl.java:46) ]
DEBUG:Found override for column "REPLY_DATE" in table "GPP.SYS_CANDIDATE_INFO"
2020-04-17 11:57:44 上午 [Thread: main][ Class:org.mybatis.generator.internal.db.DatabaseIntrospector >> Method: org.mybatis.generator.logging.Log4jImpl.debug(Log4jImpl.java:46) ]
DEBUG:Found override for column "WRITTEN_DATE" in table "GPP.SYS_CANDIDATE_INFO"
2020-04-17 11:57:44 上午 [Thread: main][ Class:org.mybatis.generator.internal.db.DatabaseIntrospector >> Method: org.mybatis.generator.logging.Log4jImpl.debug(Log4jImpl.java:46) ]
DEBUG:Found override for column "INTERVIEW_DATE" in table "GPP.SYS_CANDIDATE_INFO"
2020-04-17 11:57:44 上午 [Thread: main][ Class:org.mybatis.generator.internal.db.DatabaseIntrospector >> Method: org.mybatis.generator.logging.Log4jImpl.debug(Log4jImpl.java:46) ]
DEBUG:Found override for column "THESIS_DATE" in table "GPP.SYS_CANDIDATE_INFO"
2020-04-17 11:57:44 上午 [Thread: main][ Class:org.mybatis.generator.internal.db.DatabaseIntrospector >> Method: org.mybatis.generator.logging.Log4jImpl.debug(Log4jImpl.java:46) ]
DEBUG:Found override for column "CREATION_TIME" in table "GPP.SYS_CANDIDATE_INFO"
2020-04-17 11:57:46 上午 [Thread: main][ Class:com.nantian.generator.impl.MybatisGenerator >> Method: com.nantian.generator.impl.MybatisGenerator.create(MybatisGenerator.java:258) ]
INFO:生成代码结束.
2020-04-17 12:01:53 下午 [Thread: main][ Class:com.nantian.generator.impl.MybatisGenerator >> Method: com.nantian.generator.impl.MybatisGenerator.create(MybatisGenerator.java:246) ]
INFO:开始检查配置数据...
2020-04-17 12:01:53 下午 [Thread: main][ Class:com.nantian.generator.impl.MybatisGenerator >> Method: com.nantian.generator.impl.MybatisGenerator.create(MybatisGenerator.java:248) ]
INFO:开始组装数据...
2020-04-17 12:01:53 下午 [Thread: main][ Class:com.nantian.generator.impl.MybatisGenerator >> Method: com.nantian.generator.impl.MybatisGenerator.create(MybatisGenerator.java:251) ]
INFO:开始生成配置信息
2020-04-17 12:01:53 下午 [Thread: main][ Class:com.nantian.generator.impl.MybatisGenerator >> Method: com.nantian.generator.impl.MybatisGenerator.create(MybatisGenerator.java:254) ]
DEBUG:生成的配置信息：
<?xml version="1.0" encoding="UTF-8"?>
<!DOCTYPE generatorConfiguration PUBLIC "-//mybatis.org//DTD MyBatis Generator Configuration 1.0//EN" "http://mybatis.org/dtd/mybatis-generator-config_1_0.dtd">

<generatorConfiguration>
  <context id="MysqlContext" targetRuntime="MyBatis3">
    <plugin type="org.mybatis.generator.plugins.SerializablePlugin"/>
    <plugin type="org.mybatis.generator.plugins.ToStringPlugin"/>
    <commentGenerator type="com.nantian.generator.ChineseCommentGenerator">
      <property name="suppressAllComments" value="false"/>
      <property name="suppressDate" value="false"/>
    </commentGenerator>
    <jdbcConnection driverClass="oracle.jdbc.driver.OracleDriver" connectionURL="jdbc:oracle:thin:@127.0.0.1:1521:ORCL" userId="gpp" password="gpp">
      <property name="nullCatalogMeansCurrent" value="true"/>
      <property name="remarksReporting" value="true"/>
    </jdbcConnection>
    <javaTypeResolver>
      <property name="forceBigDecimals" value="false"/>
    </javaTypeResolver>
    <javaModelGenerator targetPackage="com.nantian.entity.sys" targetProject="./src/main/java">
      <property name="enableSubPackages" value="false"/>
      <property name="trimStrings" value="false"/>
    </javaModelGenerator>
    <sqlMapGenerator targetPackage="com.nantian.mapper.sys" targetProject="./src/main/java">
      <property name="enableSubPackages" value="false"/>
    </sqlMapGenerator>
    <javaClientGenerator type="XMLMAPPER" targetPackage="com.nantian.mapper.sys" targetProject="./src/main/java">
      <property name="enableSubPackages" value="false"/>
    </javaClientGenerator>
    <table schema="gpp" tableName="SYS_UNIT_RECOMMENDED" enableCountByExample="true" enableDeleteByExample="true" enableUpdateByExample="true" enableSelectByExample="true" selectByExampleQueryId="true">
      <columnOverride column="CREATION_TIME" jdbcType="TIMESTAMP"/>
      <columnOverride column="UPDATE_TIME" jdbcType="TIMESTAMP"/>
    </table>
  </context>
</generatorConfiguration>

2020-04-17 12:01:53 下午 [Thread: main][ Class:com.nantian.generator.impl.MybatisGenerator >> Method: com.nantian.generator.impl.MybatisGenerator.create(MybatisGenerator.java:255) ]
INFO:开始生成代码...
2020-04-17 12:01:54 下午 [Thread: main][ Class:org.mybatis.generator.internal.db.DatabaseIntrospector >> Method: org.mybatis.generator.logging.Log4jImpl.debug(Log4jImpl.java:46) ]
DEBUG:Retrieving column information for table "GPP.SYS_UNIT_RECOMMENDED"
2020-04-17 12:01:55 下午 [Thread: main][ Class:org.mybatis.generator.internal.db.DatabaseIntrospector >> Method: org.mybatis.generator.logging.Log4jImpl.debug(Log4jImpl.java:46) ]
DEBUG:Found column "ID", data type 3, in table "GPP.SYS_UNIT_RECOMMENDED"
2020-04-17 12:01:55 下午 [Thread: main][ Class:org.mybatis.generator.internal.db.DatabaseIntrospector >> Method: org.mybatis.generator.logging.Log4jImpl.debug(Log4jImpl.java:46) ]
DEBUG:Found column "CANDIDATE_NAME", data type 12, in table "GPP.SYS_UNIT_RECOMMENDED"
2020-04-17 12:01:55 下午 [Thread: main][ Class:org.mybatis.generator.internal.db.DatabaseIntrospector >> Method: org.mybatis.generator.logging.Log4jImpl.debug(Log4jImpl.java:46) ]
DEBUG:Found column "CANDIDATE_UNIT", data type 12, in table "GPP.SYS_UNIT_RECOMMENDED"
2020-04-17 12:01:55 下午 [Thread: main][ Class:org.mybatis.generator.internal.db.DatabaseIntrospector >> Method: org.mybatis.generator.logging.Log4jImpl.debug(Log4jImpl.java:46) ]
DEBUG:Found column "CANDIDATE_POSITION", data type 12, in table "GPP.SYS_UNIT_RECOMMENDED"
2020-04-17 12:01:55 下午 [Thread: main][ Class:org.mybatis.generator.internal.db.DatabaseIntrospector >> Method: org.mybatis.generator.logging.Log4jImpl.debug(Log4jImpl.java:46) ]
DEBUG:Found column "UNIT_RECOMMENDED_MATERIAL", data type 12, in table "GPP.SYS_UNIT_RECOMMENDED"
2020-04-17 12:01:55 下午 [Thread: main][ Class:org.mybatis.generator.internal.db.DatabaseIntrospector >> Method: org.mybatis.generator.logging.Log4jImpl.debug(Log4jImpl.java:46) ]
DEBUG:Found column "CREATION_TIME", data type 91, in table "GPP.SYS_UNIT_RECOMMENDED"
2020-04-17 12:01:55 下午 [Thread: main][ Class:org.mybatis.generator.internal.db.DatabaseIntrospector >> Method: org.mybatis.generator.logging.Log4jImpl.debug(Log4jImpl.java:46) ]
DEBUG:Found column "UPDATE_TIME", data type 91, in table "GPP.SYS_UNIT_RECOMMENDED"
2020-04-17 12:01:55 下午 [Thread: main][ Class:org.mybatis.generator.internal.db.DatabaseIntrospector >> Method: org.mybatis.generator.logging.Log4jImpl.debug(Log4jImpl.java:46) ]
DEBUG:Found column "CANDIDATE_POSITION_LEVEL", data type 12, in table "GPP.SYS_UNIT_RECOMMENDED"
2020-04-17 12:01:55 下午 [Thread: main][ Class:org.mybatis.generator.internal.db.DatabaseIntrospector >> Method: org.mybatis.generator.logging.Log4jImpl.debug(Log4jImpl.java:46) ]
DEBUG:Found override for column "CREATION_TIME" in table "GPP.SYS_UNIT_RECOMMENDED"
2020-04-17 12:01:55 下午 [Thread: main][ Class:org.mybatis.generator.internal.db.DatabaseIntrospector >> Method: org.mybatis.generator.logging.Log4jImpl.debug(Log4jImpl.java:46) ]
DEBUG:Found override for column "UPDATE_TIME" in table "GPP.SYS_UNIT_RECOMMENDED"
2020-04-17 12:01:55 下午 [Thread: main][ Class:com.nantian.generator.impl.MybatisGenerator >> Method: com.nantian.generator.impl.MybatisGenerator.create(MybatisGenerator.java:258) ]
INFO:生成代码结束.
2020-04-17 14:26:02 下午 [Thread: main][ Class:com.nantian.generator.impl.MybatisGenerator >> Method: com.nantian.generator.impl.MybatisGenerator.create(MybatisGenerator.java:246) ]
INFO:开始检查配置数据...
2020-04-17 14:26:02 下午 [Thread: main][ Class:com.nantian.generator.impl.MybatisGenerator >> Method: com.nantian.generator.impl.MybatisGenerator.create(MybatisGenerator.java:248) ]
INFO:开始组装数据...
2020-04-17 14:26:02 下午 [Thread: main][ Class:com.nantian.generator.impl.MybatisGenerator >> Method: com.nantian.generator.impl.MybatisGenerator.create(MybatisGenerator.java:251) ]
INFO:开始生成配置信息
2020-04-17 14:26:02 下午 [Thread: main][ Class:com.nantian.generator.impl.MybatisGenerator >> Method: com.nantian.generator.impl.MybatisGenerator.create(MybatisGenerator.java:254) ]
DEBUG:生成的配置信息：
<?xml version="1.0" encoding="UTF-8"?>
<!DOCTYPE generatorConfiguration PUBLIC "-//mybatis.org//DTD MyBatis Generator Configuration 1.0//EN" "http://mybatis.org/dtd/mybatis-generator-config_1_0.dtd">

<generatorConfiguration>
  <context id="MysqlContext" targetRuntime="MyBatis3">
    <plugin type="org.mybatis.generator.plugins.SerializablePlugin"/>
    <plugin type="org.mybatis.generator.plugins.ToStringPlugin"/>
    <commentGenerator type="com.nantian.generator.ChineseCommentGenerator">
      <property name="suppressAllComments" value="false"/>
      <property name="suppressDate" value="false"/>
    </commentGenerator>
    <jdbcConnection driverClass="oracle.jdbc.driver.OracleDriver" connectionURL="jdbc:oracle:thin:@127.0.0.1:1521:ORCL" userId="gpp" password="gpp">
      <property name="nullCatalogMeansCurrent" value="true"/>
      <property name="remarksReporting" value="true"/>
    </jdbcConnection>
    <javaTypeResolver>
      <property name="forceBigDecimals" value="false"/>
    </javaTypeResolver>
    <javaModelGenerator targetPackage="com.nantian.entity.sys" targetProject="./src/main/java">
      <property name="enableSubPackages" value="false"/>
      <property name="trimStrings" value="false"/>
    </javaModelGenerator>
    <sqlMapGenerator targetPackage="com.nantian.mapper.sys" targetProject="./src/main/java">
      <property name="enableSubPackages" value="false"/>
    </sqlMapGenerator>
    <javaClientGenerator type="XMLMAPPER" targetPackage="com.nantian.mapper.sys" targetProject="./src/main/java">
      <property name="enableSubPackages" value="false"/>
    </javaClientGenerator>
    <table schema="gpp" tableName="SYS_CANDIDATE_INFO" enableCountByExample="true" enableDeleteByExample="true" enableUpdateByExample="true" enableSelectByExample="true" selectByExampleQueryId="true">
      <columnOverride column="CREATION_TIME" jdbcType="TIMESTAMP"/>
      <columnOverride column="BIRTHDAY" jdbcType="TIMESTAMP"/>
      <columnOverride column="MEETING_DATE" jdbcType="TIMESTAMP"/>
      <columnOverride column="REPLY_DATE" jdbcType="TIMESTAMP"/>
      <columnOverride column="WRITTEN_DATE" jdbcType="TIMESTAMP"/>
      <columnOverride column="INTERVIEW_DATE" jdbcType="TIMESTAMP"/>
      <columnOverride column="THESIS_DATE" jdbcType="TIMESTAMP"/>
    </table>
  </context>
</generatorConfiguration>

2020-04-17 14:26:02 下午 [Thread: main][ Class:com.nantian.generator.impl.MybatisGenerator >> Method: com.nantian.generator.impl.MybatisGenerator.create(MybatisGenerator.java:255) ]
INFO:开始生成代码...
2020-04-17 14:26:03 下午 [Thread: main][ Class:org.mybatis.generator.internal.db.DatabaseIntrospector >> Method: org.mybatis.generator.logging.Log4jImpl.debug(Log4jImpl.java:46) ]
DEBUG:Retrieving column information for table "GPP.SYS_CANDIDATE_INFO"
2020-04-17 14:26:03 下午 [Thread: main][ Class:org.mybatis.generator.internal.db.DatabaseIntrospector >> Method: org.mybatis.generator.logging.Log4jImpl.debug(Log4jImpl.java:46) ]
DEBUG:Found column "ID", data type 3, in table "GPP.SYS_CANDIDATE_INFO"
2020-04-17 14:26:03 下午 [Thread: main][ Class:org.mybatis.generator.internal.db.DatabaseIntrospector >> Method: org.mybatis.generator.logging.Log4jImpl.debug(Log4jImpl.java:46) ]
DEBUG:Found column "CANDIDATE_NAME", data type 12, in table "GPP.SYS_CANDIDATE_INFO"
2020-04-17 14:26:03 下午 [Thread: main][ Class:org.mybatis.generator.internal.db.DatabaseIntrospector >> Method: org.mybatis.generator.logging.Log4jImpl.debug(Log4jImpl.java:46) ]
DEBUG:Found column "UNIT", data type 12, in table "GPP.SYS_CANDIDATE_INFO"
2020-04-17 14:26:03 下午 [Thread: main][ Class:org.mybatis.generator.internal.db.DatabaseIntrospector >> Method: org.mybatis.generator.logging.Log4jImpl.debug(Log4jImpl.java:46) ]
DEBUG:Found column "POSITION", data type 12, in table "GPP.SYS_CANDIDATE_INFO"
2020-04-17 14:26:03 下午 [Thread: main][ Class:org.mybatis.generator.internal.db.DatabaseIntrospector >> Method: org.mybatis.generator.logging.Log4jImpl.debug(Log4jImpl.java:46) ]
DEBUG:Found column "POSITION_LEVEL", data type 12, in table "GPP.SYS_CANDIDATE_INFO"
2020-04-17 14:26:03 下午 [Thread: main][ Class:org.mybatis.generator.internal.db.DatabaseIntrospector >> Method: org.mybatis.generator.logging.Log4jImpl.debug(Log4jImpl.java:46) ]
DEBUG:Found column "CANDIDATE_TYPE", data type 12, in table "GPP.SYS_CANDIDATE_INFO"
2020-04-17 14:26:03 下午 [Thread: main][ Class:org.mybatis.generator.internal.db.DatabaseIntrospector >> Method: org.mybatis.generator.logging.Log4jImpl.debug(Log4jImpl.java:46) ]
DEBUG:Found column "ADJUST_TYPE", data type 12, in table "GPP.SYS_CANDIDATE_INFO"
2020-04-17 14:26:03 下午 [Thread: main][ Class:org.mybatis.generator.internal.db.DatabaseIntrospector >> Method: org.mybatis.generator.logging.Log4jImpl.debug(Log4jImpl.java:46) ]
DEBUG:Found column "ASPIRING_UNIT", data type 12, in table "GPP.SYS_CANDIDATE_INFO"
2020-04-17 14:26:03 下午 [Thread: main][ Class:org.mybatis.generator.internal.db.DatabaseIntrospector >> Method: org.mybatis.generator.logging.Log4jImpl.debug(Log4jImpl.java:46) ]
DEBUG:Found column "ASPIRING_POSITION", data type 12, in table "GPP.SYS_CANDIDATE_INFO"
2020-04-17 14:26:03 下午 [Thread: main][ Class:org.mybatis.generator.internal.db.DatabaseIntrospector >> Method: org.mybatis.generator.logging.Log4jImpl.debug(Log4jImpl.java:46) ]
DEBUG:Found column "ASPIRING_POSITION_LEVEL", data type 12, in table "GPP.SYS_CANDIDATE_INFO"
2020-04-17 14:26:03 下午 [Thread: main][ Class:org.mybatis.generator.internal.db.DatabaseIntrospector >> Method: org.mybatis.generator.logging.Log4jImpl.debug(Log4jImpl.java:46) ]
DEBUG:Found column "SEX", data type 12, in table "GPP.SYS_CANDIDATE_INFO"
2020-04-17 14:26:03 下午 [Thread: main][ Class:org.mybatis.generator.internal.db.DatabaseIntrospector >> Method: org.mybatis.generator.logging.Log4jImpl.debug(Log4jImpl.java:46) ]
DEBUG:Found column "BIRTHDAY", data type 91, in table "GPP.SYS_CANDIDATE_INFO"
2020-04-17 14:26:03 下午 [Thread: main][ Class:org.mybatis.generator.internal.db.DatabaseIntrospector >> Method: org.mybatis.generator.logging.Log4jImpl.debug(Log4jImpl.java:46) ]
DEBUG:Found column "DEPARTMENT", data type 12, in table "GPP.SYS_CANDIDATE_INFO"
2020-04-17 14:26:03 下午 [Thread: main][ Class:org.mybatis.generator.internal.db.DatabaseIntrospector >> Method: org.mybatis.generator.logging.Log4jImpl.debug(Log4jImpl.java:46) ]
DEBUG:Found column "ORGANIZATION", data type 12, in table "GPP.SYS_CANDIDATE_INFO"
2020-04-17 14:26:03 下午 [Thread: main][ Class:org.mybatis.generator.internal.db.DatabaseIntrospector >> Method: org.mybatis.generator.logging.Log4jImpl.debug(Log4jImpl.java:46) ]
DEBUG:Found column "NOTE", data type 12, in table "GPP.SYS_CANDIDATE_INFO"
2020-04-17 14:26:03 下午 [Thread: main][ Class:org.mybatis.generator.internal.db.DatabaseIntrospector >> Method: org.mybatis.generator.logging.Log4jImpl.debug(Log4jImpl.java:46) ]
DEBUG:Found column "MEETING_DATE", data type 91, in table "GPP.SYS_CANDIDATE_INFO"
2020-04-17 14:26:03 下午 [Thread: main][ Class:org.mybatis.generator.internal.db.DatabaseIntrospector >> Method: org.mybatis.generator.logging.Log4jImpl.debug(Log4jImpl.java:46) ]
DEBUG:Found column "HOST", data type 12, in table "GPP.SYS_CANDIDATE_INFO"
2020-04-17 14:26:03 下午 [Thread: main][ Class:org.mybatis.generator.internal.db.DatabaseIntrospector >> Method: org.mybatis.generator.logging.Log4jImpl.debug(Log4jImpl.java:46) ]
DEBUG:Found column "DUE_NUMBER", data type 12, in table "GPP.SYS_CANDIDATE_INFO"
2020-04-17 14:26:03 下午 [Thread: main][ Class:org.mybatis.generator.internal.db.DatabaseIntrospector >> Method: org.mybatis.generator.logging.Log4jImpl.debug(Log4jImpl.java:46) ]
DEBUG:Found column "ACTUAL_NUMBER", data type 12, in table "GPP.SYS_CANDIDATE_INFO"
2020-04-17 14:26:03 下午 [Thread: main][ Class:org.mybatis.generator.internal.db.DatabaseIntrospector >> Method: org.mybatis.generator.logging.Log4jImpl.debug(Log4jImpl.java:46) ]
DEBUG:Found column "SUMMARY_NUMBER", data type 12, in table "GPP.SYS_CANDIDATE_INFO"
2020-04-17 14:26:03 下午 [Thread: main][ Class:org.mybatis.generator.internal.db.DatabaseIntrospector >> Method: org.mybatis.generator.logging.Log4jImpl.debug(Log4jImpl.java:46) ]
DEBUG:Found column "APPROVAL_TYPE", data type 12, in table "GPP.SYS_CANDIDATE_INFO"
2020-04-17 14:26:03 下午 [Thread: main][ Class:org.mybatis.generator.internal.db.DatabaseIntrospector >> Method: org.mybatis.generator.logging.Log4jImpl.debug(Log4jImpl.java:46) ]
DEBUG:Found column "REPLY_DATE", data type 91, in table "GPP.SYS_CANDIDATE_INFO"
2020-04-17 14:26:03 下午 [Thread: main][ Class:org.mybatis.generator.internal.db.DatabaseIntrospector >> Method: org.mybatis.generator.logging.Log4jImpl.debug(Log4jImpl.java:46) ]
DEBUG:Found column "CANDIDATE_NUMBER", data type 12, in table "GPP.SYS_CANDIDATE_INFO"
2020-04-17 14:26:03 下午 [Thread: main][ Class:org.mybatis.generator.internal.db.DatabaseIntrospector >> Method: org.mybatis.generator.logging.Log4jImpl.debug(Log4jImpl.java:46) ]
DEBUG:Found column "WRITTEN_DATE", data type 91, in table "GPP.SYS_CANDIDATE_INFO"
2020-04-17 14:26:03 下午 [Thread: main][ Class:org.mybatis.generator.internal.db.DatabaseIntrospector >> Method: org.mybatis.generator.logging.Log4jImpl.debug(Log4jImpl.java:46) ]
DEBUG:Found column "WRITTEN_RESULT", data type 12, in table "GPP.SYS_CANDIDATE_INFO"
2020-04-17 14:26:03 下午 [Thread: main][ Class:org.mybatis.generator.internal.db.DatabaseIntrospector >> Method: org.mybatis.generator.logging.Log4jImpl.debug(Log4jImpl.java:46) ]
DEBUG:Found column "WRITTEN_RANKING", data type 12, in table "GPP.SYS_CANDIDATE_INFO"
2020-04-17 14:26:03 下午 [Thread: main][ Class:org.mybatis.generator.internal.db.DatabaseIntrospector >> Method: org.mybatis.generator.logging.Log4jImpl.debug(Log4jImpl.java:46) ]
DEBUG:Found column "INTERVIEW_DATE", data type 91, in table "GPP.SYS_CANDIDATE_INFO"
2020-04-17 14:26:03 下午 [Thread: main][ Class:org.mybatis.generator.internal.db.DatabaseIntrospector >> Method: org.mybatis.generator.logging.Log4jImpl.debug(Log4jImpl.java:46) ]
DEBUG:Found column "INTERVIEW_RESULT", data type 12, in table "GPP.SYS_CANDIDATE_INFO"
2020-04-17 14:26:03 下午 [Thread: main][ Class:org.mybatis.generator.internal.db.DatabaseIntrospector >> Method: org.mybatis.generator.logging.Log4jImpl.debug(Log4jImpl.java:46) ]
DEBUG:Found column "INTERVIEW_RANKING", data type 12, in table "GPP.SYS_CANDIDATE_INFO"
2020-04-17 14:26:03 下午 [Thread: main][ Class:org.mybatis.generator.internal.db.DatabaseIntrospector >> Method: org.mybatis.generator.logging.Log4jImpl.debug(Log4jImpl.java:46) ]
DEBUG:Found column "THESIS_DATE", data type 91, in table "GPP.SYS_CANDIDATE_INFO"
2020-04-17 14:26:03 下午 [Thread: main][ Class:org.mybatis.generator.internal.db.DatabaseIntrospector >> Method: org.mybatis.generator.logging.Log4jImpl.debug(Log4jImpl.java:46) ]
DEBUG:Found column "THESIS_RESULT", data type 12, in table "GPP.SYS_CANDIDATE_INFO"
2020-04-17 14:26:03 下午 [Thread: main][ Class:org.mybatis.generator.internal.db.DatabaseIntrospector >> Method: org.mybatis.generator.logging.Log4jImpl.debug(Log4jImpl.java:46) ]
DEBUG:Found column "THESIS_RANKING", data type 12, in table "GPP.SYS_CANDIDATE_INFO"
2020-04-17 14:26:03 下午 [Thread: main][ Class:org.mybatis.generator.internal.db.DatabaseIntrospector >> Method: org.mybatis.generator.logging.Log4jImpl.debug(Log4jImpl.java:46) ]
DEBUG:Found column "SYNTHESIS_RESULT", data type 12, in table "GPP.SYS_CANDIDATE_INFO"
2020-04-17 14:26:03 下午 [Thread: main][ Class:org.mybatis.generator.internal.db.DatabaseIntrospector >> Method: org.mybatis.generator.logging.Log4jImpl.debug(Log4jImpl.java:46) ]
DEBUG:Found column "SYNTHESIS_RANKING", data type 12, in table "GPP.SYS_CANDIDATE_INFO"
2020-04-17 14:26:03 下午 [Thread: main][ Class:org.mybatis.generator.internal.db.DatabaseIntrospector >> Method: org.mybatis.generator.logging.Log4jImpl.debug(Log4jImpl.java:46) ]
DEBUG:Found column "CREATION_TIME", data type 91, in table "GPP.SYS_CANDIDATE_INFO"
2020-04-17 14:26:03 下午 [Thread: main][ Class:org.mybatis.generator.internal.db.DatabaseIntrospector >> Method: org.mybatis.generator.logging.Log4jImpl.debug(Log4jImpl.java:46) ]
DEBUG:Found column "UPDATE_TIME", data type 91, in table "GPP.SYS_CANDIDATE_INFO"
2020-04-17 14:26:03 下午 [Thread: main][ Class:org.mybatis.generator.internal.db.DatabaseIntrospector >> Method: org.mybatis.generator.logging.Log4jImpl.debug(Log4jImpl.java:46) ]
DEBUG:Found column "TYPE", data type 12, in table "GPP.SYS_CANDIDATE_INFO"
2020-04-17 14:26:03 下午 [Thread: main][ Class:org.mybatis.generator.internal.db.DatabaseIntrospector >> Method: org.mybatis.generator.logging.Log4jImpl.debug(Log4jImpl.java:46) ]
DEBUG:Found override for column "BIRTHDAY" in table "GPP.SYS_CANDIDATE_INFO"
2020-04-17 14:26:03 下午 [Thread: main][ Class:org.mybatis.generator.internal.db.DatabaseIntrospector >> Method: org.mybatis.generator.logging.Log4jImpl.debug(Log4jImpl.java:46) ]
DEBUG:Found override for column "MEETING_DATE" in table "GPP.SYS_CANDIDATE_INFO"
2020-04-17 14:26:03 下午 [Thread: main][ Class:org.mybatis.generator.internal.db.DatabaseIntrospector >> Method: org.mybatis.generator.logging.Log4jImpl.debug(Log4jImpl.java:46) ]
DEBUG:Found override for column "REPLY_DATE" in table "GPP.SYS_CANDIDATE_INFO"
2020-04-17 14:26:03 下午 [Thread: main][ Class:org.mybatis.generator.internal.db.DatabaseIntrospector >> Method: org.mybatis.generator.logging.Log4jImpl.debug(Log4jImpl.java:46) ]
DEBUG:Found override for column "WRITTEN_DATE" in table "GPP.SYS_CANDIDATE_INFO"
2020-04-17 14:26:03 下午 [Thread: main][ Class:org.mybatis.generator.internal.db.DatabaseIntrospector >> Method: org.mybatis.generator.logging.Log4jImpl.debug(Log4jImpl.java:46) ]
DEBUG:Found override for column "INTERVIEW_DATE" in table "GPP.SYS_CANDIDATE_INFO"
2020-04-17 14:26:03 下午 [Thread: main][ Class:org.mybatis.generator.internal.db.DatabaseIntrospector >> Method: org.mybatis.generator.logging.Log4jImpl.debug(Log4jImpl.java:46) ]
DEBUG:Found override for column "THESIS_DATE" in table "GPP.SYS_CANDIDATE_INFO"
2020-04-17 14:26:03 下午 [Thread: main][ Class:org.mybatis.generator.internal.db.DatabaseIntrospector >> Method: org.mybatis.generator.logging.Log4jImpl.debug(Log4jImpl.java:46) ]
DEBUG:Found override for column "CREATION_TIME" in table "GPP.SYS_CANDIDATE_INFO"
2020-04-17 14:26:04 下午 [Thread: main][ Class:com.nantian.generator.impl.MybatisGenerator >> Method: com.nantian.generator.impl.MybatisGenerator.create(MybatisGenerator.java:258) ]
INFO:生成代码结束.
