2020-04-28 10:54:30 上午 [Thread: main][ Class:com.nantian.generator.impl.MybatisGenerator >> Method: com.nantian.generator.impl.MybatisGenerator.create(MybatisGenerator.java:246) ]
INFO:开始检查配置数据...
2020-04-28 10:54:30 上午 [Thread: main][ Class:com.nantian.generator.impl.MybatisGenerator >> Method: com.nantian.generator.impl.MybatisGenerator.create(MybatisGenerator.java:248) ]
INFO:开始组装数据...
2020-04-28 10:54:30 上午 [Thread: main][ Class:com.nantian.generator.impl.MybatisGenerator >> Method: com.nantian.generator.impl.MybatisGenerator.create(MybatisGenerator.java:251) ]
INFO:开始生成配置信息
2020-04-28 10:54:30 上午 [Thread: main][ Class:com.nantian.generator.impl.MybatisGenerator >> Method: com.nantian.generator.impl.MybatisGenerator.create(MybatisGenerator.java:254) ]
DEBUG:生成的配置信息：
<?xml version="1.0" encoding="UTF-8"?>
<!DOCTYPE generatorConfiguration PUBLIC "-//mybatis.org//DTD MyBatis Generator Configuration 1.0//EN" "http://mybatis.org/dtd/mybatis-generator-config_1_0.dtd">

<generatorConfiguration>
  <context id="MysqlContext" targetRuntime="MyBatis3">
    <plugin type="org.mybatis.generator.plugins.SerializablePlugin"/>
    <plugin type="org.mybatis.generator.plugins.ToStringPlugin"/>
    <commentGenerator type="com.nantian.generator.ChineseCommentGenerator">
      <property name="suppressAllComments" value="false"/>
      <property name="suppressDate" value="false"/>
    </commentGenerator>
    <jdbcConnection driverClass="oracle.jdbc.driver.OracleDriver" connectionURL="jdbc:oracle:thin:@127.0.0.1:1521:ORCL" userId="admin" password="123456">
      <property name="nullCatalogMeansCurrent" value="true"/>
      <property name="remarksReporting" value="true"/>
    </jdbcConnection>
    <javaTypeResolver>
      <property name="forceBigDecimals" value="false"/>
    </javaTypeResolver>
    <javaModelGenerator targetPackage="com.nantian.entity.sys" targetProject="./src/main/java">
      <property name="enableSubPackages" value="false"/>
      <property name="trimStrings" value="false"/>
    </javaModelGenerator>
    <sqlMapGenerator targetPackage="com.nantian.mapper.sys" targetProject="./src/main/java">
      <property name="enableSubPackages" value="false"/>
    </sqlMapGenerator>
    <javaClientGenerator type="XMLMAPPER" targetPackage="com.nantian.mapper.sys" targetProject="./src/main/java">
      <property name="enableSubPackages" value="false"/>
    </javaClientGenerator>
    <table tableName="SYS_USER" enableCountByExample="true" enableDeleteByExample="true" enableUpdateByExample="true" enableSelectByExample="true" selectByExampleQueryId="true">
      <columnOverride column="CREATION_TIME" jdbcType="TIMESTAMP"/>
      <columnOverride column="UPDATE_TIME" jdbcType="TIMESTAMP"/>
    </table>
  </context>
</generatorConfiguration>

2020-04-28 10:54:30 上午 [Thread: main][ Class:com.nantian.generator.impl.MybatisGenerator >> Method: com.nantian.generator.impl.MybatisGenerator.create(MybatisGenerator.java:255) ]
INFO:开始生成代码...
2020-04-28 10:54:30 上午 [Thread: main][ Class:org.mybatis.generator.internal.db.DatabaseIntrospector >> Method: org.mybatis.generator.logging.Log4jImpl.debug(Log4jImpl.java:46) ]
DEBUG:Retrieving column information for table "SYS_USER"
2020-04-28 10:54:31 上午 [Thread: main][ Class:org.mybatis.generator.internal.db.DatabaseIntrospector >> Method: org.mybatis.generator.logging.Log4jImpl.debug(Log4jImpl.java:46) ]
DEBUG:Found column "ID", data type 3, in table "ADMIN.SYS_USER"
2020-04-28 10:54:31 上午 [Thread: main][ Class:org.mybatis.generator.internal.db.DatabaseIntrospector >> Method: org.mybatis.generator.logging.Log4jImpl.debug(Log4jImpl.java:46) ]
DEBUG:Found column "USERNAME", data type 12, in table "ADMIN.SYS_USER"
2020-04-28 10:54:31 上午 [Thread: main][ Class:org.mybatis.generator.internal.db.DatabaseIntrospector >> Method: org.mybatis.generator.logging.Log4jImpl.debug(Log4jImpl.java:46) ]
DEBUG:Found column "PASSWORD", data type 12, in table "ADMIN.SYS_USER"
2020-04-28 10:54:31 上午 [Thread: main][ Class:org.mybatis.generator.internal.db.DatabaseIntrospector >> Method: org.mybatis.generator.logging.Log4jImpl.debug(Log4jImpl.java:46) ]
DEBUG:Found column "NAME", data type 12, in table "ADMIN.SYS_USER"
2020-04-28 10:54:31 上午 [Thread: main][ Class:org.mybatis.generator.internal.db.DatabaseIntrospector >> Method: org.mybatis.generator.logging.Log4jImpl.debug(Log4jImpl.java:46) ]
DEBUG:Found column "ORG_NO", data type 12, in table "ADMIN.SYS_USER"
2020-04-28 10:54:31 上午 [Thread: main][ Class:org.mybatis.generator.internal.db.DatabaseIntrospector >> Method: org.mybatis.generator.logging.Log4jImpl.debug(Log4jImpl.java:46) ]
DEBUG:Found column "PHONE_NO", data type 12, in table "ADMIN.SYS_USER"
2020-04-28 10:54:31 上午 [Thread: main][ Class:org.mybatis.generator.internal.db.DatabaseIntrospector >> Method: org.mybatis.generator.logging.Log4jImpl.debug(Log4jImpl.java:46) ]
DEBUG:Found column "LANDLINE", data type 12, in table "ADMIN.SYS_USER"
2020-04-28 10:54:31 上午 [Thread: main][ Class:org.mybatis.generator.internal.db.DatabaseIntrospector >> Method: org.mybatis.generator.logging.Log4jImpl.debug(Log4jImpl.java:46) ]
DEBUG:Found column "ID_CARD", data type 12, in table "ADMIN.SYS_USER"
2020-04-28 10:54:31 上午 [Thread: main][ Class:org.mybatis.generator.internal.db.DatabaseIntrospector >> Method: org.mybatis.generator.logging.Log4jImpl.debug(Log4jImpl.java:46) ]
DEBUG:Found column "EMAIL", data type 12, in table "ADMIN.SYS_USER"
2020-04-28 10:54:31 上午 [Thread: main][ Class:org.mybatis.generator.internal.db.DatabaseIntrospector >> Method: org.mybatis.generator.logging.Log4jImpl.debug(Log4jImpl.java:46) ]
DEBUG:Found column "ADRESS", data type 12, in table "ADMIN.SYS_USER"
2020-04-28 10:54:31 上午 [Thread: main][ Class:org.mybatis.generator.internal.db.DatabaseIntrospector >> Method: org.mybatis.generator.logging.Log4jImpl.debug(Log4jImpl.java:46) ]
DEBUG:Found column "ZIP_CODE", data type 12, in table "ADMIN.SYS_USER"
2020-04-28 10:54:31 上午 [Thread: main][ Class:org.mybatis.generator.internal.db.DatabaseIntrospector >> Method: org.mybatis.generator.logging.Log4jImpl.debug(Log4jImpl.java:46) ]
DEBUG:Found column "STATUS", data type 12, in table "ADMIN.SYS_USER"
2020-04-28 10:54:31 上午 [Thread: main][ Class:org.mybatis.generator.internal.db.DatabaseIntrospector >> Method: org.mybatis.generator.logging.Log4jImpl.debug(Log4jImpl.java:46) ]
DEBUG:Found column "EXTEND1", data type 12, in table "ADMIN.SYS_USER"
2020-04-28 10:54:31 上午 [Thread: main][ Class:org.mybatis.generator.internal.db.DatabaseIntrospector >> Method: org.mybatis.generator.logging.Log4jImpl.debug(Log4jImpl.java:46) ]
DEBUG:Found column "EXTEND2", data type 12, in table "ADMIN.SYS_USER"
2020-04-28 10:54:31 上午 [Thread: main][ Class:org.mybatis.generator.internal.db.DatabaseIntrospector >> Method: org.mybatis.generator.logging.Log4jImpl.debug(Log4jImpl.java:46) ]
DEBUG:Found column "LOGIN_TIME", data type 12, in table "ADMIN.SYS_USER"
2020-04-28 10:54:31 上午 [Thread: main][ Class:org.mybatis.generator.internal.db.DatabaseIntrospector >> Method: org.mybatis.generator.logging.Log4jImpl.debug(Log4jImpl.java:46) ]
DEBUG:Found column "LAST_LOGIN_TIME", data type 91, in table "ADMIN.SYS_USER"
2020-04-28 10:54:31 上午 [Thread: main][ Class:org.mybatis.generator.internal.db.DatabaseIntrospector >> Method: org.mybatis.generator.logging.Log4jImpl.debug(Log4jImpl.java:46) ]
DEBUG:Found column "ERROR_COUNT", data type 3, in table "ADMIN.SYS_USER"
2020-04-28 10:54:31 上午 [Thread: main][ Class:org.mybatis.generator.internal.db.DatabaseIntrospector >> Method: org.mybatis.generator.logging.Log4jImpl.debug(Log4jImpl.java:46) ]
DEBUG:Found column "CREATION_TIME", data type 91, in table "ADMIN.SYS_USER"
2020-04-28 10:54:31 上午 [Thread: main][ Class:org.mybatis.generator.internal.db.DatabaseIntrospector >> Method: org.mybatis.generator.logging.Log4jImpl.debug(Log4jImpl.java:46) ]
DEBUG:Found column "UPDATE_TIME", data type 91, in table "ADMIN.SYS_USER"
2020-04-28 10:54:31 上午 [Thread: main][ Class:org.mybatis.generator.internal.db.DatabaseIntrospector >> Method: org.mybatis.generator.logging.Log4jImpl.debug(Log4jImpl.java:46) ]
DEBUG:Found column "SEX", data type 12, in table "ADMIN.SYS_USER"
2020-04-28 10:54:31 上午 [Thread: main][ Class:org.mybatis.generator.internal.db.DatabaseIntrospector >> Method: org.mybatis.generator.logging.Log4jImpl.debug(Log4jImpl.java:46) ]
DEBUG:Found column "COMPANY", data type 12, in table "ADMIN.SYS_USER"
2020-04-28 10:54:31 上午 [Thread: main][ Class:org.mybatis.generator.internal.db.DatabaseIntrospector >> Method: org.mybatis.generator.logging.Log4jImpl.debug(Log4jImpl.java:46) ]
DEBUG:Found column "POSITION", data type 12, in table "ADMIN.SYS_USER"
2020-04-28 10:54:31 上午 [Thread: main][ Class:org.mybatis.generator.internal.db.DatabaseIntrospector >> Method: org.mybatis.generator.logging.Log4jImpl.debug(Log4jImpl.java:46) ]
DEBUG:Found column "POSITION_LEVEL", data type 12, in table "ADMIN.SYS_USER"
2020-04-28 10:54:31 上午 [Thread: main][ Class:org.mybatis.generator.internal.db.DatabaseIntrospector >> Method: org.mybatis.generator.logging.Log4jImpl.debug(Log4jImpl.java:46) ]
DEBUG:Found column "BIRTH_DATE", data type 12, in table "ADMIN.SYS_USER"
2020-04-28 10:54:31 上午 [Thread: main][ Class:org.mybatis.generator.internal.db.DatabaseIntrospector >> Method: org.mybatis.generator.logging.Log4jImpl.debug(Log4jImpl.java:46) ]
DEBUG:Found column "POLITICS_STATUS", data type 12, in table "ADMIN.SYS_USER"
2020-04-28 10:54:31 上午 [Thread: main][ Class:org.mybatis.generator.internal.db.DatabaseIntrospector >> Method: org.mybatis.generator.logging.Log4jImpl.debug(Log4jImpl.java:46) ]
DEBUG:Found column "EDUCATION", data type 12, in table "ADMIN.SYS_USER"
2020-04-28 10:54:31 上午 [Thread: main][ Class:org.mybatis.generator.internal.db.DatabaseIntrospector >> Method: org.mybatis.generator.logging.Log4jImpl.debug(Log4jImpl.java:46) ]
DEBUG:Found column "IN_POSITION_TIME", data type 12, in table "ADMIN.SYS_USER"
2020-04-28 10:54:31 上午 [Thread: main][ Class:org.mybatis.generator.internal.db.DatabaseIntrospector >> Method: org.mybatis.generator.logging.Log4jImpl.debug(Log4jImpl.java:46) ]
DEBUG:Found column "IN_SAME_POSITION_TIME", data type 12, in table "ADMIN.SYS_USER"
2020-04-28 10:54:31 上午 [Thread: main][ Class:org.mybatis.generator.internal.db.DatabaseIntrospector >> Method: org.mybatis.generator.logging.Log4jImpl.debug(Log4jImpl.java:46) ]
DEBUG:Found column "IN_SAME_POSITION_LEVEL_TIME", data type 12, in table "ADMIN.SYS_USER"
2020-04-28 10:54:31 上午 [Thread: main][ Class:org.mybatis.generator.internal.db.DatabaseIntrospector >> Method: org.mybatis.generator.logging.Log4jImpl.debug(Log4jImpl.java:46) ]
DEBUG:Found column "INTO_BANK_TIME", data type 12, in table "ADMIN.SYS_USER"
2020-04-28 10:54:31 上午 [Thread: main][ Class:org.mybatis.generator.internal.db.DatabaseIntrospector >> Method: org.mybatis.generator.logging.Log4jImpl.debug(Log4jImpl.java:46) ]
DEBUG:Found column "LAST_YEAR_INSPECTION_RESULT", data type 12, in table "ADMIN.SYS_USER"
2020-04-28 10:54:31 上午 [Thread: main][ Class:org.mybatis.generator.internal.db.DatabaseIntrospector >> Method: org.mybatis.generator.logging.Log4jImpl.debug(Log4jImpl.java:46) ]
DEBUG:Found column "PUNISHMENT", data type 12, in table "ADMIN.SYS_USER"
2020-04-28 10:54:31 上午 [Thread: main][ Class:org.mybatis.generator.internal.db.DatabaseIntrospector >> Method: org.mybatis.generator.logging.Log4jImpl.debug(Log4jImpl.java:46) ]
DEBUG:Found column "EXCEPTIONAL", data type 12, in table "ADMIN.SYS_USER"
2020-04-28 10:54:31 上午 [Thread: main][ Class:org.mybatis.generator.internal.db.DatabaseIntrospector >> Method: org.mybatis.generator.logging.Log4jImpl.debug(Log4jImpl.java:46) ]
DEBUG:Found column "AVOID", data type 12, in table "ADMIN.SYS_USER"
2020-04-28 10:54:31 上午 [Thread: main][ Class:org.mybatis.generator.internal.db.DatabaseIntrospector >> Method: org.mybatis.generator.logging.Log4jImpl.debug(Log4jImpl.java:46) ]
DEBUG:Found column "ASPIRING_POSITION", data type 12, in table "ADMIN.SYS_USER"
2020-04-28 10:54:31 上午 [Thread: main][ Class:org.mybatis.generator.internal.db.DatabaseIntrospector >> Method: org.mybatis.generator.logging.Log4jImpl.debug(Log4jImpl.java:46) ]
DEBUG:Found column "ASPIRING_POSITION_LEVEL", data type 12, in table "ADMIN.SYS_USER"
2020-04-28 10:54:31 上午 [Thread: main][ Class:org.mybatis.generator.internal.db.DatabaseIntrospector >> Method: org.mybatis.generator.logging.Log4jImpl.debug(Log4jImpl.java:46) ]
DEBUG:Found column "RECOMMENDATION_LETTER", data type 12, in table "ADMIN.SYS_USER"
2020-04-28 10:54:31 上午 [Thread: main][ Class:org.mybatis.generator.internal.db.DatabaseIntrospector >> Method: org.mybatis.generator.logging.Log4jImpl.debug(Log4jImpl.java:46) ]
DEBUG:Found column "NOTE", data type 12, in table "ADMIN.SYS_USER"
2020-04-28 10:54:31 上午 [Thread: main][ Class:org.mybatis.generator.internal.db.DatabaseIntrospector >> Method: org.mybatis.generator.logging.Log4jImpl.debug(Log4jImpl.java:46) ]
DEBUG:Found column "USERNO", data type 12, in table "ADMIN.SYS_USER"
2020-04-28 10:54:31 上午 [Thread: main][ Class:org.mybatis.generator.internal.db.DatabaseIntrospector >> Method: org.mybatis.generator.logging.Log4jImpl.debug(Log4jImpl.java:46) ]
DEBUG:Found column "ORG_TYPE", data type 12, in table "ADMIN.SYS_USER"
2020-04-28 10:54:31 上午 [Thread: main][ Class:org.mybatis.generator.internal.db.DatabaseIntrospector >> Method: org.mybatis.generator.logging.Log4jImpl.debug(Log4jImpl.java:46) ]
DEBUG:Found column "ORG", data type 12, in table "ADMIN.SYS_USER"
2020-04-28 10:54:31 上午 [Thread: main][ Class:org.mybatis.generator.internal.db.DatabaseIntrospector >> Method: org.mybatis.generator.logging.Log4jImpl.debug(Log4jImpl.java:46) ]
DEBUG:Found column "POSITION_SERIAL", data type 12, in table "ADMIN.SYS_USER"
2020-04-28 10:54:31 上午 [Thread: main][ Class:org.mybatis.generator.internal.db.DatabaseIntrospector >> Method: org.mybatis.generator.logging.Log4jImpl.debug(Log4jImpl.java:46) ]
DEBUG:Found column "SKILL_LEVEL", data type 12, in table "ADMIN.SYS_USER"
2020-04-28 10:54:31 上午 [Thread: main][ Class:org.mybatis.generator.internal.db.DatabaseIntrospector >> Method: org.mybatis.generator.logging.Log4jImpl.debug(Log4jImpl.java:46) ]
DEBUG:Found column "AGE", data type 12, in table "ADMIN.SYS_USER"
2020-04-28 10:54:31 上午 [Thread: main][ Class:org.mybatis.generator.internal.db.DatabaseIntrospector >> Method: org.mybatis.generator.logging.Log4jImpl.debug(Log4jImpl.java:46) ]
DEBUG:Found column "SKILL_QUALIFICATION", data type 12, in table "ADMIN.SYS_USER"
2020-04-28 10:54:31 上午 [Thread: main][ Class:org.mybatis.generator.internal.db.DatabaseIntrospector >> Method: org.mybatis.generator.logging.Log4jImpl.debug(Log4jImpl.java:46) ]
DEBUG:Found column "SECOND_YEAR_INSPECTION_RESULT", data type 12, in table "ADMIN.SYS_USER"
2020-04-28 10:54:31 上午 [Thread: main][ Class:org.mybatis.generator.internal.db.DatabaseIntrospector >> Method: org.mybatis.generator.logging.Log4jImpl.debug(Log4jImpl.java:46) ]
DEBUG:Found column "THIRD_YEAR_INSPECTION_RESULT", data type 12, in table "ADMIN.SYS_USER"
2020-04-28 10:54:31 上午 [Thread: main][ Class:org.mybatis.generator.internal.db.DatabaseIntrospector >> Method: org.mybatis.generator.logging.Log4jImpl.debug(Log4jImpl.java:46) ]
DEBUG:Found override for column "CREATION_TIME" in table "ADMIN.SYS_USER"
2020-04-28 10:54:31 上午 [Thread: main][ Class:org.mybatis.generator.internal.db.DatabaseIntrospector >> Method: org.mybatis.generator.logging.Log4jImpl.debug(Log4jImpl.java:46) ]
DEBUG:Found override for column "UPDATE_TIME" in table "ADMIN.SYS_USER"
2020-04-28 10:54:32 上午 [Thread: main][ Class:com.nantian.generator.impl.MybatisGenerator >> Method: com.nantian.generator.impl.MybatisGenerator.create(MybatisGenerator.java:258) ]
INFO:生成代码结束.
