2020-05-14 08:57:09 上午 [Thread: main][ Class:com.nantian.generator.impl.MybatisGenerator >> Method: com.nantian.generator.impl.MybatisGenerator.create(MybatisGenerator.java:246) ]
INFO:开始检查配置数据...
2020-05-14 08:57:09 上午 [Thread: main][ Class:com.nantian.generator.impl.MybatisGenerator >> Method: com.nantian.generator.impl.MybatisGenerator.create(MybatisGenerator.java:248) ]
INFO:开始组装数据...
2020-05-14 08:57:09 上午 [Thread: main][ Class:com.nantian.generator.impl.MybatisGenerator >> Method: com.nantian.generator.impl.MybatisGenerator.create(MybatisGenerator.java:251) ]
INFO:开始生成配置信息
2020-05-14 08:57:10 上午 [Thread: main][ Class:com.nantian.generator.impl.MybatisGenerator >> Method: com.nantian.generator.impl.MybatisGenerator.create(MybatisGenerator.java:255) ]
INFO:开始生成代码...
2020-05-14 08:57:11 上午 [Thread: main][ Class:com.nantian.generator.impl.MybatisGenerator >> Method: com.nantian.generator.impl.MybatisGenerator.create(MybatisGenerator.java:258) ]
INFO:生成代码结束.
2020-05-14 09:10:50 上午 [Thread: main][ Class:com.nantian.generator.impl.MybatisGenerator >> Method: com.nantian.generator.impl.MybatisGenerator.create(MybatisGenerator.java:246) ]
INFO:开始检查配置数据...
2020-05-14 09:10:50 上午 [Thread: main][ Class:com.nantian.generator.impl.MybatisGenerator >> Method: com.nantian.generator.impl.MybatisGenerator.create(MybatisGenerator.java:248) ]
INFO:开始组装数据...
2020-05-14 09:10:50 上午 [Thread: main][ Class:com.nantian.generator.impl.MybatisGenerator >> Method: com.nantian.generator.impl.MybatisGenerator.create(MybatisGenerator.java:251) ]
INFO:开始生成配置信息
2020-05-14 09:10:50 上午 [Thread: main][ Class:com.nantian.generator.impl.MybatisGenerator >> Method: com.nantian.generator.impl.MybatisGenerator.create(MybatisGenerator.java:255) ]
INFO:开始生成代码...
2020-05-14 09:10:51 上午 [Thread: main][ Class:com.nantian.generator.impl.MybatisGenerator >> Method: com.nantian.generator.impl.MybatisGenerator.create(MybatisGenerator.java:258) ]
INFO:生成代码结束.
2020-05-14 09:13:34 上午 [Thread: main][ Class:com.nantian.generator.impl.MybatisGenerator >> Method: com.nantian.generator.impl.MybatisGenerator.create(MybatisGenerator.java:246) ]
INFO:开始检查配置数据...
2020-05-14 09:13:34 上午 [Thread: main][ Class:com.nantian.generator.impl.MybatisGenerator >> Method: com.nantian.generator.impl.MybatisGenerator.create(MybatisGenerator.java:248) ]
INFO:开始组装数据...
2020-05-14 09:13:34 上午 [Thread: main][ Class:com.nantian.generator.impl.MybatisGenerator >> Method: com.nantian.generator.impl.MybatisGenerator.create(MybatisGenerator.java:251) ]
INFO:开始生成配置信息
2020-05-14 09:13:34 上午 [Thread: main][ Class:com.nantian.generator.impl.MybatisGenerator >> Method: com.nantian.generator.impl.MybatisGenerator.create(MybatisGenerator.java:255) ]
INFO:开始生成代码...
2020-05-14 09:13:35 上午 [Thread: main][ Class:com.nantian.generator.impl.MybatisGenerator >> Method: com.nantian.generator.impl.MybatisGenerator.create(MybatisGenerator.java:258) ]
INFO:生成代码结束.
2020-05-14 14:37:57 下午 [Thread: main][ Class:com.nantian.generator.impl.MybatisGenerator >> Method: com.nantian.generator.impl.MybatisGenerator.create(MybatisGenerator.java:246) ]
INFO:开始检查配置数据...
2020-05-14 14:37:57 下午 [Thread: main][ Class:com.nantian.generator.impl.MybatisGenerator >> Method: com.nantian.generator.impl.MybatisGenerator.create(MybatisGenerator.java:248) ]
INFO:开始组装数据...
2020-05-14 14:37:57 下午 [Thread: main][ Class:com.nantian.generator.impl.MybatisGenerator >> Method: com.nantian.generator.impl.MybatisGenerator.create(MybatisGenerator.java:251) ]
INFO:开始生成配置信息
2020-05-14 14:37:57 下午 [Thread: main][ Class:com.nantian.generator.impl.MybatisGenerator >> Method: com.nantian.generator.impl.MybatisGenerator.create(MybatisGenerator.java:255) ]
INFO:开始生成代码...
2020-05-14 14:37:57 下午 [Thread: main][ Class:com.nantian.generator.impl.MybatisGenerator >> Method: com.nantian.generator.impl.MybatisGenerator.create(MybatisGenerator.java:258) ]
INFO:生成代码结束.
